#
# There is insufficient memory for the Java Runtime Environment to continue.
# Native memory allocation (mmap) failed to map 65536 bytes. Error detail: Failed to commit metaspace.
# Possible reasons:
#   The system is out of physical RAM or swap space
#   This process is running with CompressedOops enabled, and the Java Heap may be blocking the growth of the native heap
# Possible solutions:
#   Reduce memory load on the system
#   Increase physical memory or swap space
#   Check if swap backing store is full
#   Decrease Java heap size (-Xmx/-Xms)
#   Decrease number of Java threads
#   Decrease Java thread stack sizes (-Xss)
#   Set larger code cache with -XX:ReservedCodeCacheSize=
#   JVM is running with Zero Based Compressed Oops mode in which the Java heap is
#     placed in the first 32GB address space. The Java Heap base address is the
#     maximum limit for the native heap growth. Please use -XX:HeapBaseMinAddress
#     to set the Java Heap base and to place the Java Heap above 32GB virtual address.
# This output file may be truncated or incomplete.
#
#  Out of Memory Error (virtualSpaceNode.cpp:110), pid=18356, tid=13100
#
# JRE version: OpenJDK Runtime Environment Corretto-17.0.11.9.1 (17.0.11+9) (build 17.0.11+9-LTS)
# Java VM: OpenJDK 64-Bit Server VM Corretto-17.0.11.9.1 (17.0.11+9-LTS, mixed mode, emulated-client, sharing, tiered, compressed oops, compressed class ptrs, g1 gc, windows-amd64)
# No core dump will be written. Minidumps are not enabled by default on client versions of Windows
#

---------------  S U M M A R Y ------------

Command Line: -XX:TieredStopAtLevel=1 -Dspring.output.ansi.enabled=always -Dcom.sun.management.jmxremote -Dspring.jmx.enabled=true -Dspring.liveBeansView.mbeanDomain -Dspring.application.admin.enabled=true -Dmanagement.endpoints.jmx.exposure.include=* -javaagent:D:\IntelliJ IDEA 2023.2.3\lib\idea_rt.jar=26509:D:\IntelliJ IDEA 2023.2.3\bin -Dfile.encoding=UTF-8 com.example.springmodels.SpringModelsApplication

Host: 11th Gen Intel(R) Core(TM) i5-1135G7 @ 2.40GHz, 8 cores, 15G,  Windows 10 , 64 bit Build 19041 (10.0.19041.3636)
Time: Mon May 13 21:50:20 2024 RTZ 2 (s 10 , 64 bit Build 19041 (10.0.19041.3636) elapsed time: 1.500802 seconds (0d 0h 0m 1s)

---------------  T H R E A D  ---------------

Current thread (0x000001fb4c4043c0):  JavaThread "restartedMain" [_thread_in_vm, id=13100, stack(0x00000065e6300000,0x00000065e6400000)]

Stack: [0x00000065e6300000,0x00000065e6400000]
Native frames: (J=compiled Java code, j=interpreted, Vv=VM code, C=native code)
V  [jvm.dll+0x67d009]
V  [jvm.dll+0x83489a]
V  [jvm.dll+0x83635e]
V  [jvm.dll+0x8369c3]
V  [jvm.dll+0x2479df]
V  [jvm.dll+0x83055b]
V  [jvm.dll+0x621936]
V  [jvm.dll+0x1c1a2e]
V  [jvm.dll+0x624291]
V  [jvm.dll+0x6222d6]
V  [jvm.dll+0x23c331]
V  [jvm.dll+0x1ebab0]
V  [jvm.dll+0x1ebf35]
V  [jvm.dll+0x1ec9f0]
V  [jvm.dll+0x1e1df1]
V  [jvm.dll+0x54211e]
V  [jvm.dll+0x7ae9e8]
V  [jvm.dll+0x7aead4]
V  [jvm.dll+0x4102a5]
V  [jvm.dll+0x416419]
C  [java.dll+0x17ec]

Java frames: (J=compiled Java code, j=interpreted, Vv=VM code)
J 1248  java.lang.ClassLoader.defineClass1(Ljava/lang/ClassLoader;Ljava/lang/String;[BIILjava/security/ProtectionDomain;Ljava/lang/String;)Ljava/lang/Class; java.base@17.0.11 (0 bytes) @ 0x000001fb76f7f7e3 [0x000001fb76f7f720+0x00000000000000c3]
J 1440 c1 java.lang.ClassLoader.defineClass(Ljava/lang/String;[BIILjava/security/ProtectionDomain;)Ljava/lang/Class; java.base@17.0.11 (43 bytes) @ 0x000001fb76fd25ec [0x000001fb76fd24e0+0x000000000000010c]
J 1267 c1 jdk.internal.loader.BuiltinClassLoader.defineClass(Ljava/lang/String;Ljdk/internal/loader/Resource;)Ljava/lang/Class; java.base@17.0.11 (121 bytes) @ 0x000001fb76f8c0f4 [0x000001fb76f8bc20+0x00000000000004d4]
J 1245 c1 jdk.internal.loader.BuiltinClassLoader.findClassOnClassPathOrNull(Ljava/lang/String;)Ljava/lang/Class; java.base@17.0.11 (64 bytes) @ 0x000001fb76f8076c [0x000001fb76f804a0+0x00000000000002cc]
J 1020 c1 jdk.internal.loader.BuiltinClassLoader.loadClassOrNull(Ljava/lang/String;Z)Ljava/lang/Class; java.base@17.0.11 (143 bytes) @ 0x000001fb76e98d84 [0x000001fb76e98900+0x0000000000000484]
J 1178 c1 jdk.internal.loader.ClassLoaders$AppClassLoader.loadClass(Ljava/lang/String;Z)Ljava/lang/Class; java.base@17.0.11 (40 bytes) @ 0x000001fb76f60fac [0x000001fb76f60e60+0x000000000000014c]
J 1175 c1 java.lang.ClassLoader.loadClass(Ljava/lang/String;)Ljava/lang/Class; java.base@17.0.11 (7 bytes) @ 0x000001fb76f603e4 [0x000001fb76f603a0+0x0000000000000044]
v  ~StubRoutines::call_stub
j  org.springframework.context.annotation.AnnotationConfigUtils.registerAnnotationConfigProcessors(Lorg/springframework/beans/factory/support/BeanDefinitionRegistry;Ljava/lang/Object;)Ljava/util/Set;+164
j  org.springframework.context.annotation.AnnotationConfigUtils.registerAnnotationConfigProcessors(Lorg/springframework/beans/factory/support/BeanDefinitionRegistry;)V+2
j  org.springframework.context.annotation.AnnotatedBeanDefinitionReader.<init>(Lorg/springframework/beans/factory/support/BeanDefinitionRegistry;Lorg/springframework/core/env/Environment;)V+57
j  org.springframework.context.annotation.AnnotatedBeanDefinitionReader.<init>(Lorg/springframework/beans/factory/support/BeanDefinitionRegistry;)V+6
j  org.springframework.boot.web.servlet.context.AnnotationConfigServletWebServerApplicationContext.<init>()V+21
j  org.springframework.boot.ApplicationContextFactory.lambda$static$0(Lorg/springframework/boot/WebApplicationType;)Lorg/springframework/context/ConfigurableApplicationContext;+40
j  org.springframework.boot.ApplicationContextFactory$$Lambda$107+0x000001fb070d74b8.create(Lorg/springframework/boot/WebApplicationType;)Lorg/springframework/context/ConfigurableApplicationContext;+1
j  org.springframework.boot.SpringApplication.createApplicationContext()Lorg/springframework/context/ConfigurableApplicationContext;+8
j  org.springframework.boot.SpringApplication.run([Ljava/lang/String;)Lorg/springframework/context/ConfigurableApplicationContext;+77
j  org.springframework.boot.SpringApplication.run([Ljava/lang/Class;[Ljava/lang/String;)Lorg/springframework/context/ConfigurableApplicationContext;+9
j  org.springframework.boot.SpringApplication.run(Ljava/lang/Class;[Ljava/lang/String;)Lorg/springframework/context/ConfigurableApplicationContext;+9
j  com.example.springmodels.SpringModelsApplication.main([Ljava/lang/String;)V+3
v  ~StubRoutines::call_stub
j  jdk.internal.reflect.NativeMethodAccessorImpl.invoke0(Ljava/lang/reflect/Method;Ljava/lang/Object;[Ljava/lang/Object;)Ljava/lang/Object;+0 java.base@17.0.11
j  jdk.internal.reflect.NativeMethodAccessorImpl.invoke(Ljava/lang/Object;[Ljava/lang/Object;)Ljava/lang/Object;+133 java.base@17.0.11
j  jdk.internal.reflect.DelegatingMethodAccessorImpl.invoke(Ljava/lang/Object;[Ljava/lang/Object;)Ljava/lang/Object;+6 java.base@17.0.11
j  java.lang.reflect.Method.invoke(Ljava/lang/Object;[Ljava/lang/Object;)Ljava/lang/Object;+59 java.base@17.0.11
j  org.springframework.boot.devtools.restart.RestartLauncher.run()V+42
v  ~StubRoutines::call_stub

Compiled method (n/a)    1519 1248     n 0       java.lang.ClassLoader::defineClass1 (native)
 total in heap  [0x000001fb76f7f590,0x000001fb76f7fa70] = 1248
 relocation     [0x000001fb76f7f6e8,0x000001fb76f7f720] = 56
 main code      [0x000001fb76f7f720,0x000001fb76f7fa70] = 848

[Constant Pool (empty)]

[MachCode]
[Entry Point]
  # {method} {0x000001fb06010f28} 'defineClass1' '(Ljava/lang/ClassLoader;Ljava/lang/String;[BIILjava/security/ProtectionDomain;Ljava/lang/String;)Ljava/lang/Class;' in 'java/lang/ClassLoader'
  # parm0:    rdx:rdx   = 'java/lang/ClassLoader'
  # parm1:    r8:r8     = 'java/lang/String'
  # parm2:    r9:r9     = '[B'
  # parm3:    rdi       = int
  # parm4:    rsi       = int
  # parm5:    rcx:rcx   = 'java/security/ProtectionDomain'
  # parm6:    [sp+0xa0]   = 'java/lang/String'  (sp of caller)
  0x000001fb76f7f720: 448b 5208 | 49bb 0000 | 0006 fb01 | 0000 4d03 | d349 3bc2 | 0f84 0600 

  0x000001fb76f7f738: ;   {runtime_call ic_miss_stub}
  0x000001fb76f7f738: 0000 e941 | 1ebc ff90 
[Verified Entry Point]
  0x000001fb76f7f740: 8984 2400 | 90ff ff55 | 488b ec48 | 81ec 9000 | 0000 4881 | 7d10 0000 | 0000 488d | 4510 480f 
  0x000001fb76f7f760: 4445 1048 | 8944 2440 | 4889 4c24 | 7048 83f9 | 0048 8d44 | 2470 480f | 4444 2470 | 4889 4424 
  0x000001fb76f7f780: 3848 8974 | 2430 4889 | 7c24 284c | 894c 2458 | 4983 f900 | 488d 4424 | 5848 0f44 | 4424 5848 
  0x000001fb76f7f7a0: 8944 2420 | 4c89 4424 | 5049 83f8 | 004c 8d4c | 2450 4c0f | 444c 2450 | 4889 5424 | 4848 83fa 
  0x000001fb76f7f7c0: 004c 8d44 | 2448 4c0f | 4444 2448 

  0x000001fb76f7f7cc: ;   {oop(a 'java/lang/Class'{0x00000007038ca3b8} = 'java/lang/ClassLoader')}
  0x000001fb76f7f7cc: 49be b8a3 | 8c03 0700 | 0000 4c89 | 7424 784c | 8d74 2478 | 498b d6c5 

  0x000001fb76f7f7e4: ;   {internal_word}
  0x000001fb76f7f7e4: f877 49ba | e3f7 f776 | fb01 0000 | 4d89 97a0 | 0200 0049 | 89a7 9802 

  0x000001fb76f7f7fc: ;   {external_word}
  0x000001fb76f7f7fc: 0000 49ba | f935 bfdb | f87f 0000 | 4180 3a00 | 0f84 5200 | 0000 5241 

  0x000001fb76f7f814: ;   {metadata({method} {0x000001fb06010f28} 'defineClass1' '(Ljava/lang/ClassLoader;Ljava/lang/String;[BIILjava/security/ProtectionDomain;Ljava/lang/String;)Ljava/lang/Class;' in 'java/lang/ClassLoader')}
  0x000001fb76f7f814: 5041 5148 | ba20 0f01 | 06fb 0100 | 0049 8bcf | 4883 ec20 | f7c4 0f00 | 0000 0f84 | 1a00 0000 
  0x000001fb76f7f834: 4883 ec08 

  0x000001fb76f7f838: ;   {runtime_call}
  0x000001fb76f7f838: 49ba c02e | 75db f87f | 0000 41ff | d248 83c4 | 08e9 0d00 

  0x000001fb76f7f84c: ;   {runtime_call}
  0x000001fb76f7f84c: 0000 49ba | c02e 75db | f87f 0000 | 41ff d248 | 83c4 2041 | 5941 585a | 498d 8fb8 | 0200 0041 
  0x000001fb76f7f86c: c787 4803 | 0000 0400 

  0x000001fb76f7f874: ;   {runtime_call}
  0x000001fb76f7f874: 0000 49ba | ac16 d6f3 | f87f 0000 | 41ff d2c5 | f877 41c7 | 8748 0300 | 0005 0000 | 00f0 8344 
  0x000001fb76f7f894: 24c0 0049 | 3baf 5003 | 0000 0f87 | 1100 0000 | 4181 bf38 | 0300 0000 | 0000 000f | 842c 0000 
  0x000001fb76f7f8b4: 00c5 f877 | 4889 45f8 | 498b cf4c | 8be4 4883 | ec20 4883 

  0x000001fb76f7f8c8: ;   {runtime_call}
  0x000001fb76f7f8c8: e4f0 49ba | c042 85db | f87f 0000 | 41ff d249 | 8be4 4d33 | e448 8b45 | f841 c787 | 4803 0000 
  0x000001fb76f7f8e8: 0800 0000 | 4181 bfb8 | 0300 0002 | 0000 000f | 843f 0100 

  0x000001fb76f7f8fc: ;   {external_word}
  0x000001fb76f7f8fc: 0049 baf9 | 35bf dbf8 | 7f00 0041 | 803a 000f | 8450 0000 | 0048 8945 

  0x000001fb76f7f914: ;   {metadata({method} {0x000001fb06010f28} 'defineClass1' '(Ljava/lang/ClassLoader;Ljava/lang/String;[BIILjava/security/ProtectionDomain;Ljava/lang/String;)Ljava/lang/Class;' in 'java/lang/ClassLoader')}
  0x000001fb76f7f914: f848 ba20 | 0f01 06fb | 0100 0049 | 8bcf 4883 | ec20 f7c4 | 0f00 0000 | 0f84 1a00 | 0000 4883 
  0x000001fb76f7f934: ;   {runtime_call}
  0x000001fb76f7f934: ec08 49ba | c02e 75db | f87f 0000 | 41ff d248 | 83c4 08e9 | 0d00 0000 

  0x000001fb76f7f94c: ;   {runtime_call}
  0x000001fb76f7f94c: 49ba c02e | 75db f87f | 0000 41ff | d248 83c4 | 2048 8b45 | f849 c787 | 9802 0000 | 0000 0000 
  0x000001fb76f7f96c: 49c7 87a0 | 0200 0000 | 0000 00c5 | f877 4885 | c00f 8493 | 0000 0048 | f7c0 0100 | 0000 0f84 
  0x000001fb76f7f98c: 8300 0000 | 488b 40ff | 4180 7f38 | 000f 846f | 0000 0048 | 83f8 000f | 8465 0000 | 0049 8b4f 
  0x000001fb76f7f9ac: 2048 83f9 | 000f 8414 | 0000 0048 | 83e9 0849 | 894f 2049 | 034f 3048 | 8901 e943 | 0000 0050 
  0x000001fb76f7f9cc: 498b d748 | 8bc8 4883 | ec20 f7c4 | 0f00 0000 | 0f84 1a00 | 0000 4883 

  0x000001fb76f7f9e4: ;   {runtime_call}
  0x000001fb76f7f9e4: ec08 49ba | 4049 34db | f87f 0000 | 41ff d248 | 83c4 08e9 | 0d00 0000 

  0x000001fb76f7f9fc: ;   {runtime_call}
  0x000001fb76f7f9fc: 49ba 4049 | 34db f87f | 0000 41ff | d248 83c4 | 2058 e903 | 0000 0048 | 8b00 498b | 8fd8 0000 
  0x000001fb76f7fa1c: 00c7 8100 | 0100 0000 | 0000 00c9 | 4981 7f08 | 0000 0000 | 0f85 0100 

  0x000001fb76f7fa34: ;   {runtime_call StubRoutines (1)}
  0x000001fb76f7fa34: 0000 c3e9 | c414 b7ff | c5f8 7748 | 8945 f84c | 8be4 4883 | ec20 4883 

  0x000001fb76f7fa4c: ;   {runtime_call}
  0x000001fb76f7fa4c: e4f0 49ba | 405f 75db | f87f 0000 | 41ff d249 | 8be4 4d33 | e448 8b45 | f8e9 93fe | ffff f4f4 
  0x000001fb76f7fa6c: f4f4 f4f4 
[/MachCode]


Compiled method (c1)    1529 1440       1       java.lang.ClassLoader::defineClass (43 bytes)
 total in heap  [0x000001fb76fd2310,0x000001fb76fd28b0] = 1440
 relocation     [0x000001fb76fd2468,0x000001fb76fd24c8] = 96
 main code      [0x000001fb76fd24e0,0x000001fb76fd2680] = 416
 stub code      [0x000001fb76fd2680,0x000001fb76fd26f8] = 120
 metadata       [0x000001fb76fd26f8,0x000001fb76fd2728] = 48
 scopes data    [0x000001fb76fd2728,0x000001fb76fd27e0] = 184
 scopes pcs     [0x000001fb76fd27e0,0x000001fb76fd2880] = 160
 dependencies   [0x000001fb76fd2880,0x000001fb76fd2888] = 8
 nul chk table  [0x000001fb76fd2888,0x000001fb76fd28b0] = 40

[Constant Pool (empty)]

[MachCode]
[Entry Point]
  # {method} {0x000001fb06010cc0} 'defineClass' '(Ljava/lang/String;[BIILjava/security/ProtectionDomain;)Ljava/lang/Class;' in 'java/lang/ClassLoader'
  # this:     rdx:rdx   = 'java/lang/ClassLoader'
  # parm0:    r8:r8     = 'java/lang/String'
  # parm1:    r9:r9     = '[B'
  # parm2:    rdi       = int
  # parm3:    rsi       = int
  # parm4:    rcx:rcx   = 'java/security/ProtectionDomain'
  #           [sp+0xc0]  (sp of caller)
  0x000001fb76fd24e0: 448b 5208 | 49bb 0000 | 0006 fb01 | 0000 4d03 | d34c 3bd0 

  0x000001fb76fd24f4: ;   {runtime_call ic_miss_stub}
  0x000001fb76fd24f4: 0f85 86f0 | b6ff 660f | 1f44 0000 
[Verified Entry Point]
  0x000001fb76fd2500: 8984 2400 | 90ff ff55 | 4881 ecb0 | 0000 0048 | 8954 2478 | 89b4 2494 | 0000 0089 | bc24 9000 
  0x000001fb76fd2520: 0000 4c89 | 8c24 8800 | 0000 498b | d84c 8bc3 | 4c8b c948 | 8bca 488b | d148 899c | 2480 0000 
  0x000001fb76fd2540: 0066 0f1f 

  0x000001fb76fd2544: ;   {optimized virtual_call}
  0x000001fb76fd2544: 4400 00e8 

  0x000001fb76fd2548: ; ImmutableOopMap {[120]=Oop [136]=Oop [128]=Oop }
                      ;*invokevirtual preDefineClass {reexecute=0 rethrow=0 return_oop=0}
                      ; - java.lang.ClassLoader::defineClass@4 (line 1015)
  0x000001fb76fd2548: 747a fbff | 4889 8424 | 9800 0000 

  0x000001fb76fd2554: ; implicit exception: dispatches to 0x000001fb76fd262a
  0x000001fb76fd2554: 448b 4010 | 49c1 e003 | 4983 f800 | 0f85 0f00 

  0x000001fb76fd2564: ;   {oop(NULL)}
  0x000001fb76fd2564: 0000 48bb | 0000 0000 | 0000 0000 | e942 0000 | 0045 8b40 | 0c49 c1e0 | 0349 83f8 | 000f 850f 
  0x000001fb76fd2584: ;   {oop(NULL)}
  0x000001fb76fd2584: 0000 0048 | bb00 0000 | 0000 0000 | 00e9 2100 | 0000 418b | 5038 48c1 | e203 483b | 0266 0f1f 
  0x000001fb76fd25a4: ;   {optimized virtual_call}
  0x000001fb76fd25a4: 4400 00e8 

  0x000001fb76fd25a8: ; ImmutableOopMap {[120]=Oop [136]=Oop [128]=Oop [152]=Oop }
                      ;*invokevirtual toExternalForm {reexecute=0 rethrow=0 return_oop=0}
                      ; - java.net.URL::toExternalForm@5 (line 1039)
                      ; - java.net.URL::toString@1 (line 1025)
                      ; - java.lang.ClassLoader::defineClassSourceLocation@22 (line 917)
                      ; - java.lang.ClassLoader::defineClass@12 (line 1016)
  0x000001fb76fd25a8: f4fb eaff | 488b d848 | 8b84 2498 | 0000 008b | b424 9400 | 0000 8bbc | 2490 0000 | 004c 8b8c 
  0x000001fb76fd25c8: 2488 0000 | 004c 8b84 | 2480 0000 | 0048 8b54 | 2478 4c8b | da49 8bd3 | 488b c848 

  0x000001fb76fd25e4: ;   {static_call}
  0x000001fb76fd25e4: 891c 24e8 

  0x000001fb76fd25e8: ; ImmutableOopMap {[152]=Oop [120]=Oop }
                      ;*invokestatic defineClass1 {reexecute=0 rethrow=0 return_oop=0}
                      ; - java.lang.ClassLoader::defineClass@27 (line 1017)
  0x000001fb76fd25e8: 54d1 faff | 4c8b c04c | 8b8c 2498 | 0000 0048 | 8b54 2478 | 4889 8424 | a000 0000 

  0x000001fb76fd2604: ;   {optimized virtual_call}
  0x000001fb76fd2604: 6666 90e8 

  0x000001fb76fd2608: ; ImmutableOopMap {[160]=Oop }
                      ;*invokevirtual postDefineClass {reexecute=0 rethrow=0 return_oop=0}
                      ; - java.lang.ClassLoader::defineClass@37 (line 1018)
  0x000001fb76fd2608: f461 fbff | 488b 8424 | a000 0000 | 4881 c4b0 | 0000 005d 

  0x000001fb76fd261c: ;   {poll_return}
  0x000001fb76fd261c: 493b a750 | 0300 000f | 8715 0000 

  0x000001fb76fd2628: ;   {runtime_call throw_null_pointer_exception Runtime1 stub}
  0x000001fb76fd2628: 00c3 e8f1 

  0x000001fb76fd262c: ; ImmutableOopMap {[120]=Oop [136]=Oop [128]=Oop rax=Oop [152]=Oop }
                      ;*invokevirtual getCodeSource {reexecute=0 rethrow=0 return_oop=0}
                      ; - java.lang.ClassLoader::defineClassSourceLocation@1 (line 914)
                      ; - java.lang.ClassLoader::defineClass@12 (line 1016)
                      ;   {runtime_call throw_null_pointer_exception Runtime1 stub}
  0x000001fb76fd262c: 30c1 ffe8 

  0x000001fb76fd2630: ; ImmutableOopMap {[120]=Oop [136]=Oop [128]=Oop rax=Oop [152]=Oop }
                      ;*invokevirtual getLocation {reexecute=0 rethrow=0 return_oop=0}
                      ; - java.lang.ClassLoader::defineClassSourceLocation@12 (line 916)
                      ; - java.lang.ClassLoader::defineClass@12 (line 1016)
  0x000001fb76fd2630: ec30 c1ff 

  0x000001fb76fd2634: ;   {runtime_call throw_null_pointer_exception Runtime1 stub}
  0x000001fb76fd2634: e8e7 30c1 

  0x000001fb76fd2638: ; ImmutableOopMap {[120]=Oop [136]=Oop [128]=Oop [152]=Oop r8=Oop }
                      ;*invokevirtual toString {reexecute=0 rethrow=0 return_oop=0}
                      ; - java.lang.ClassLoader::defineClassSourceLocation@22 (line 917)
                      ; - java.lang.ClassLoader::defineClass@12 (line 1016)
                      ;   {runtime_call throw_null_pointer_exception Runtime1 stub}
  0x000001fb76fd2638: ffe8 e230 

  0x000001fb76fd263c: ; ImmutableOopMap {[120]=Oop [136]=Oop [128]=Oop [152]=Oop r8=Oop rdx=Oop }
                      ;*invokevirtual toExternalForm {reexecute=0 rethrow=0 return_oop=0}
                      ; - java.net.URL::toExternalForm@5 (line 1039)
                      ; - java.net.URL::toString@1 (line 1025)
                      ; - java.lang.ClassLoader::defineClassSourceLocation@22 (line 917)
                      ; - java.lang.ClassLoader::defineClass@12 (line 1016)
                      ;   {internal_word}
  0x000001fb76fd263c: c1ff 49ba | 1c26 fd76 | fb01 0000 | 4d89 9768 

  0x000001fb76fd264c: ;   {runtime_call SafepointBlob}
  0x000001fb76fd264c: 0300 00e9 | 2c69 b7ff | 9090 498b | 87e0 0300 | 0049 c787 | e003 0000 | 0000 0000 | 49c7 87e8 
  0x000001fb76fd266c: 0300 0000 | 0000 0048 | 81c4 b000 

  0x000001fb76fd2678: ;   {runtime_call unwind_exception Runtime1 stub}
  0x000001fb76fd2678: 0000 5de9 | 8021 c1ff 
[Stub Code]
  0x000001fb76fd2680: ;   {no_reloc}
  0x000001fb76fd2680: 0f1f 4400 

  0x000001fb76fd2684: ;   {static_stub}
  0x000001fb76fd2684: 0048 bb00 | 0000 0000 

  0x000001fb76fd268c: ;   {runtime_call}
  0x000001fb76fd268c: 0000 00e9 | fbff ffff 

  0x000001fb76fd2694: ;   {static_stub}
  0x000001fb76fd2694: 9048 bb00 | 0000 0000 

  0x000001fb76fd269c: ;   {runtime_call}
  0x000001fb76fd269c: 0000 00e9 | fbff ffff 

  0x000001fb76fd26a4: ;   {static_stub}
  0x000001fb76fd26a4: 9048 bb00 | 0000 0000 

  0x000001fb76fd26ac: ;   {runtime_call}
  0x000001fb76fd26ac: 0000 00e9 | fbff ffff 

  0x000001fb76fd26b4: ;   {static_stub}
  0x000001fb76fd26b4: 9048 bb00 | 0000 0000 

  0x000001fb76fd26bc: ;   {runtime_call}
  0x000001fb76fd26bc: 0000 00e9 | fbff ffff 
[Exception Handler]
  0x000001fb76fd26c4: ;   {runtime_call handle_exception_from_callee Runtime1 stub}
  0x000001fb76fd26c4: e837 56c1 

  0x000001fb76fd26c8: ;   {external_word}
  0x000001fb76fd26c8: ff48 b940 | 9a99 dbf8 | 7f00 0048 

  0x000001fb76fd26d4: ;   {runtime_call}
  0x000001fb76fd26d4: 83e4 f049 | ba20 2762 | dbf8 7f00 | 0041 ffd2 

  0x000001fb76fd26e4: ;   {section_word}
  0x000001fb76fd26e4: f449 bae5 | 26fd 76fb | 0100 0041 

  0x000001fb76fd26f0: ;   {runtime_call DeoptimizationBlob}
  0x000001fb76fd26f0: 52e9 2a7d | b7ff f4f4 
[/MachCode]


Compiled method (c1)    1536 1267       1       jdk.internal.loader.BuiltinClassLoader::defineClass (121 bytes)
 total in heap  [0x000001fb76f8b990,0x000001fb76f8c828] = 3736
 relocation     [0x000001fb76f8bae8,0x000001fb76f8bc18] = 304
 main code      [0x000001fb76f8bc20,0x000001fb76f8c260] = 1600
 stub code      [0x000001fb76f8c260,0x000001fb76f8c3a8] = 328
 metadata       [0x000001fb76f8c3a8,0x000001fb76f8c3f0] = 72
 scopes data    [0x000001fb76f8c3f0,0x000001fb76f8c648] = 600
 scopes pcs     [0x000001fb76f8c648,0x000001fb76f8c7e8] = 416
 dependencies   [0x000001fb76f8c7e8,0x000001fb76f8c7f0] = 8
 handler table  [0x000001fb76f8c7f0,0x000001fb76f8c808] = 24
 nul chk table  [0x000001fb76f8c808,0x000001fb76f8c828] = 32

[Constant Pool (empty)]

[MachCode]
[Entry Point]
  # {method} {0x000001fb06435c58} 'defineClass' '(Ljava/lang/String;Ljdk/internal/loader/Resource;)Ljava/lang/Class;' in 'jdk/internal/loader/BuiltinClassLoader'
  # this:     rdx:rdx   = 'jdk/internal/loader/BuiltinClassLoader'
  # parm0:    r8:r8     = 'java/lang/String'
  # parm1:    r9:r9     = 'jdk/internal/loader/Resource'
  #           [sp+0x110]  (sp of caller)
  0x000001fb76f8bc20: 448b 5208 | 49bb 0000 | 0006 fb01 | 0000 4d03 | d34c 3bd0 

  0x000001fb76f8bc34: ;   {runtime_call ic_miss_stub}
  0x000001fb76f8bc34: 0f85 4659 | bbff 660f | 1f44 0000 
[Verified Entry Point]
  0x000001fb76f8bc40: 8984 2400 | 90ff ff55 | 4881 ec00 | 0100 0048 | 8994 24a0 | 0000 004c | 8984 2490 | 0000 004c 
  0x000001fb76f8bc60: 898c 2498 | 0000 0049 | 8bd1 6666 | 9048 b868 | ab19 06fb 

  0x000001fb76f8bc74: ;   {virtual_call}
  0x000001fb76f8bc74: 0100 00e8 

  0x000001fb76f8bc78: ; ImmutableOopMap {[152]=Oop [160]=Oop [144]=Oop }
                      ;*invokevirtual getCodeSourceURL {reexecute=0 rethrow=0 return_oop=0}
                      ; - jdk.internal.loader.BuiltinClassLoader::defineClass@1 (line 842)
  0x000001fb76f8bc78: 2435 0000 | 4889 8424 | a800 0000 | 4c8b 8424 | 9000 0000 

  0x000001fb76f8bc8c: ; implicit exception: dispatches to 0x000001fb76f8c153
  0x000001fb76f8bc8c: 418b 7014 | 48c1 e603 

  0x000001fb76f8bc94: ; implicit exception: dispatches to 0x000001fb76f8c158
  0x000001fb76f8bc94: 8b56 0c45 | 0fbe 4810 | 498b c9c1 | e118 c1f9 | 18d3 fa48 | 8bfa ffcf | 4183 f900 | ba00 0000 
  0x000001fb76f8bcb4: 000f 8505 | 0000 00ba | 0100 0000 | 83e2 0183 | fa00 488b | d641 b82e | 0000 004c | 8bcf 0f84 
  0x000001fb76f8bcd4: 1100 0000 | 0f1f 8000 

  0x000001fb76f8bcdc: ;   {static_call}
  0x000001fb76f8bcdc: 0000 00e8 

  0x000001fb76f8bce0: ; ImmutableOopMap {[152]=Oop [160]=Oop [168]=Oop [144]=Oop }
                      ;*invokestatic lastIndexOf {reexecute=0 rethrow=0 return_oop=0}
                      ; - java.lang.String::lastIndexOf@13 (line 2489)
                      ; - java.lang.String::lastIndexOf@8 (line 2451)
                      ; - jdk.internal.loader.BuiltinClassLoader::defineClass@8 (line 845)
  0x000001fb76f8bce0: 3cd8 c6ff | e90b 0000 | 0066 0f1f 

  0x000001fb76f8bcec: ;   {static_call}
  0x000001fb76f8bcec: 4400 00e8 

  0x000001fb76f8bcf0: ; ImmutableOopMap {[152]=Oop [160]=Oop [168]=Oop [144]=Oop }
                      ;*invokestatic lastIndexOf {reexecute=0 rethrow=0 return_oop=0}
                      ; - java.lang.String::lastIndexOf@25 (line 2490)
                      ; - java.lang.String::lastIndexOf@8 (line 2451)
                      ; - jdk.internal.loader.BuiltinClassLoader::defineClass@8 (line 845)
  0x000001fb76f8bcf0: 0c69 bbff | 83f8 ff0f | 8467 0000 | 0041 b800 | 0000 004c | 8bc8 488b | 9424 9000 

  0x000001fb76f8bd0c: ;   {optimized virtual_call}
  0x000001fb76f8bd0c: 0000 90e8 

  0x000001fb76f8bd10: ; ImmutableOopMap {[152]=Oop [160]=Oop [168]=Oop [144]=Oop }
                      ;*invokevirtual substring {reexecute=0 rethrow=0 return_oop=0}
                      ; - jdk.internal.loader.BuiltinClassLoader::defineClass@23 (line 847)
  0x000001fb76f8bd10: 6c6f dbff | 488b 9424 | 9800 0000 | 4889 8424 | b000 0000 | 9048 b868 | ab19 06fb 

  0x000001fb76f8bd2c: ;   {virtual_call}
  0x000001fb76f8bd2c: 0100 00e8 

  0x000001fb76f8bd30: ; ImmutableOopMap {[152]=Oop [160]=Oop [168]=Oop [144]=Oop [176]=Oop }
                      ;*invokevirtual getManifest {reexecute=0 rethrow=0 return_oop=0}
                      ; - jdk.internal.loader.BuiltinClassLoader::defineClass@29 (line 848)
  0x000001fb76f8bd30: 4c4e 0000 | 4c8b 8424 | b000 0000 | 4c8b c848 | 8bbc 24a8 | 0000 0048 | 8b94 24a0 | 0000 0066 
  0x000001fb76f8bd50: 0f1f 4400 | 0048 b838 | dc07 06fb 

  0x000001fb76f8bd5c: ;   {virtual_call}
  0x000001fb76f8bd5c: 0100 00e8 

  0x000001fb76f8bd60: ; ImmutableOopMap {[152]=Oop [160]=Oop [168]=Oop [144]=Oop }
                      ;*invokevirtual defineOrCheckPackage {reexecute=0 rethrow=0 return_oop=0}
                      ; - jdk.internal.loader.BuiltinClassLoader::defineClass@40 (line 849)
  0x000001fb76f8bd60: bcf0 ffff | 4c8b 8c24 | 9800 0000 | 488d 9424 | e000 0000 | 4c89 4a08 | 498b 0148 | 83c8 0148 
  0x000001fb76f8bd80: 8902 f049 | 0fb1 110f | 8413 0000 | 0048 2bc4 | 4881 e007 | f0ff ff48 | 8902 0f85 | bd03 0000 
  0x000001fb76f8bda0: 418b 510c | 48c1 e203 | 4883 fa00 | 0f85 4700 | 0000 498b | d148 b868 | ab19 06fb 

  0x000001fb76f8bdbc: ;   {virtual_call}
  0x000001fb76f8bdbc: 0100 00e8 

  0x000001fb76f8bdc0: ; ImmutableOopMap {[160]=Oop [168]=Oop [144]=Oop [152]=Oop [232]=Oop }
                      ;*invokevirtual getInputStream {reexecute=0 rethrow=0 return_oop=0}
                      ; - jdk.internal.loader.Resource::cachedInputStream@9 (line 77)
                      ; - jdk.internal.loader.Resource::getByteBuffer@1 (line 163)
                      ; - jdk.internal.loader.BuiltinClassLoader::defineClass@45 (line 853)
  0x000001fb76f8bdc0: 5c81 0400 | 410f be57 | 3883 fa00 | 4c8b 8c24 | 9800 0000 | 0f85 9603 | 0000 4c8b | d049 c1ea 
  0x000001fb76f8bde0: 0345 8951 | 0c49 8bd1 | 4833 d048 | c1ea 1548 | 83fa 000f | 8597 0300 | 0041 8b51 | 0c48 c1e2 
  0x000001fb76f8be00: 0348 8d84 | 24e0 0000 | 0048 8b30 | 4885 f60f | 840f 0000 | 0048 8b78 | 08f0 480f | b137 0f85 
  0x000001fb76f8be20: 8403 0000 | 4883 fa00 | 0f84 4400 

  0x000001fb76f8be2c: ;   {metadata('sun/nio/ByteBuffered')}
  0x000001fb76f8be2c: 0000 48b8 | 40dd 0d06 | fb01 0000 | 8b5a 0849 | ba00 0000 | 06fb 0100 | 0049 03da | 483b 4320 
  0x000001fb76f8be4c: 0f84 2500 | 0000 483b | d80f 841c | 0000 0053 

  0x000001fb76f8be5c: ;   {runtime_call slow_subtype_check Runtime1 stub}
  0x000001fb76f8be5c: 50e8 9eca | c5ff 5b5b | 83fb 000f | 8405 0000 | 00e9 0500 | 0000 4833 | f6eb 0a48 | be01 0000 
  0x000001fb76f8be7c: 0000 0000 | 0083 fe00 | 0f84 6700 | 0000 4883 | fa00 0f84 | 4400 0000 

  0x000001fb76f8be94: ;   {metadata('sun/nio/ByteBuffered')}
  0x000001fb76f8be94: 48bb 40dd | 0d06 fb01 | 0000 8b7a | 0849 ba00 | 0000 06fb | 0100 0049 | 03fa 483b | 5f20 0f84 
  0x000001fb76f8beb4: 2000 0000 | 483b fb0f | 8417 0000 

  0x000001fb76f8bec0: ;   {runtime_call slow_subtype_check Runtime1 stub}
  0x000001fb76f8bec0: 0057 53e8 | 38ca c5ff | 5f5f 83ff | 000f 84eb | 0200 00e9 | 0000 0000 | 0f1f 4400 | 0048 b8ff 
  0x000001fb76f8bee0: ffff ffff 

  0x000001fb76f8bee4: ;   {virtual_call}
  0x000001fb76f8bee4: ffff ffe8 

  0x000001fb76f8bee8: ; ImmutableOopMap {[160]=Oop [168]=Oop [144]=Oop [152]=Oop }
                      ;*invokeinterface getByteBuffer {reexecute=0 rethrow=0 return_oop=0}
                      ; - jdk.internal.loader.Resource::getByteBuffer@16 (line 165)
                      ; - jdk.internal.loader.BuiltinClassLoader::defineClass@45 (line 853)
  0x000001fb76f8bee8: 9461 bbff | e90a 0000 

  0x000001fb76f8bef0: ;   {oop(NULL)}
  0x000001fb76f8bef0: 0048 b800 | 0000 0000 | 0000 0048 | 83f8 000f | 84e5 0000 | 0048 8984 | 24b8 0000 | 0048 8b94 
  0x000001fb76f8bf10: 2498 0000 | 0048 b8ff | ffff ffff 

  0x000001fb76f8bf1c: ;   {virtual_call}
  0x000001fb76f8bf1c: ffff ffe8 

  0x000001fb76f8bf20: ; ImmutableOopMap {[160]=Oop [168]=Oop [144]=Oop [184]=Oop }
                      ;*invokevirtual getCodeSigners {reexecute=0 rethrow=0 return_oop=0}
                      ; - jdk.internal.loader.BuiltinClassLoader::defineClass@56 (line 855)
  0x000001fb76f8bf20: 5c61 bbff 

  0x000001fb76f8bf24: ;   {metadata('java/security/CodeSource')}
  0x000001fb76f8bf24: 4c8b c848 | bab0 ee00 | 06fb 0100 | 0049 8b87 | 0801 0000 | 488d 7828 | 493b bf18 | 0100 000f 
  0x000001fb76f8bf44: 877e 0200 | 0049 89bf | 0801 0000 | 48c7 0001 | 0000 0048 | 8bca 49ba | 0000 0006 | fb01 0000 
  0x000001fb76f8bf64: 492b ca89 | 4808 4833 | c989 480c | 4833 c948 | 8948 1048 | 8948 1848 | 8948 204c | 8b84 24a8 
  0x000001fb76f8bf84: 0000 0048 | 8bd0 4889 | 8424 c000 | 0000 0f1f 

  0x000001fb76f8bf94: ;   {optimized virtual_call}
  0x000001fb76f8bf94: 4400 00e8 

  0x000001fb76f8bf98: ; ImmutableOopMap {[160]=Oop [144]=Oop [184]=Oop [192]=Oop }
                      ;*invokespecial <init> {reexecute=0 rethrow=0 return_oop=0}
                      ; - jdk.internal.loader.BuiltinClassLoader::defineClass@68 (line 856)
  0x000001fb76f8bf98: 645b bbff | 4c8b 8424 | c000 0000 | 488b 9424 | a000 0000 

  0x000001fb76f8bfac: ;   {optimized virtual_call}
  0x000001fb76f8bfac: 6666 90e8 

  0x000001fb76f8bfb0: ; ImmutableOopMap {[160]=Oop [144]=Oop [184]=Oop }
                      ;*invokevirtual getProtectionDomain {reexecute=0 rethrow=0 return_oop=0}
                      ; - java.security.SecureClassLoader::defineClass@5 (line 182)
                      ; - jdk.internal.loader.BuiltinClassLoader::defineClass@79 (line 857)
  0x000001fb76f8bfb0: 4c5b bbff | 4c8b 8424 | 9000 0000 | 4c8b 8c24 | b800 0000 | 488b f848 | 8b94 24a0 

  0x000001fb76f8bfcc: ;   {optimized virtual_call}
  0x000001fb76f8bfcc: 0000 00e8 

  0x000001fb76f8bfd0: ; ImmutableOopMap {}
                      ;*invokevirtual defineClass {reexecute=0 rethrow=0 return_oop=0}
                      ; - java.security.SecureClassLoader::defineClass@8 (line 182)
                      ; - jdk.internal.loader.BuiltinClassLoader::defineClass@79 (line 857)
  0x000001fb76f8bfd0: 2c5b bbff | 4881 c400 | 0100 005d 

  0x000001fb76f8bfdc: ;   {poll_return}
  0x000001fb76f8bfdc: 493b a750 | 0300 000f | 87eb 0100 | 00c3 4c8b | 8c24 9800 | 0000 498b | d148 b868 | ab19 06fb 
  0x000001fb76f8bffc: ;   {virtual_call}
  0x000001fb76f8bffc: 0100 00e8 

  0x000001fb76f8c000: ; ImmutableOopMap {[160]=Oop [144]=Oop [152]=Oop [168]=Oop }
                      ;*invokevirtual getBytes {reexecute=0 rethrow=0 return_oop=0}
                      ; - jdk.internal.loader.BuiltinClassLoader::defineClass@84 (line 859)
  0x000001fb76f8c000: dc85 0400 | 4889 8424 | c800 0000 | 488b 9424 | 9800 0000 | 9048 b868 | ab19 06fb 

  0x000001fb76f8c01c: ;   {virtual_call}
  0x000001fb76f8c01c: 0100 00e8 

  0x000001fb76f8c020: ; ImmutableOopMap {[160]=Oop [144]=Oop [168]=Oop [200]=Oop }
                      ;*invokevirtual getCodeSigners {reexecute=0 rethrow=0 return_oop=0}
                      ; - jdk.internal.loader.BuiltinClassLoader::defineClass@90 (line 860)
  0x000001fb76f8c020: 7c52 0000 

  0x000001fb76f8c024: ;   {metadata('java/security/CodeSource')}
  0x000001fb76f8c024: 4c8b c848 | bab0 ee00 | 06fb 0100 | 0049 8b87 | 0801 0000 | 488d 7828 | 493b bf18 | 0100 000f 
  0x000001fb76f8c044: 87a1 0100 | 0049 89bf | 0801 0000 | 48c7 0001 | 0000 0048 | 8bca 49ba | 0000 0006 | fb01 0000 
  0x000001fb76f8c064: 492b ca89 | 4808 4833 | c989 480c | 4833 c948 | 8948 1048 | 8948 1848 | 8948 204c | 8b84 24a8 
  0x000001fb76f8c084: 0000 0048 | 8bd0 4889 | 8424 d000 | 0000 0f1f 

  0x000001fb76f8c094: ;   {optimized virtual_call}
  0x000001fb76f8c094: 4400 00e8 

  0x000001fb76f8c098: ; ImmutableOopMap {[160]=Oop [144]=Oop [200]=Oop [208]=Oop }
                      ;*invokespecial <init> {reexecute=0 rethrow=0 return_oop=0}
                      ; - jdk.internal.loader.BuiltinClassLoader::defineClass@102 (line 861)
  0x000001fb76f8c098: 44b9 ffff | 488b 8424 | c800 0000 

  0x000001fb76f8c0a4: ; implicit exception: dispatches to 0x000001fb76f8c1f7
  0x000001fb76f8c0a4: 8b70 0c4c | 8b84 24d0 | 0000 0048 | 8b94 24a0 | 0000 0089 | b424 d800 

  0x000001fb76f8c0bc: ;   {optimized virtual_call}
  0x000001fb76f8c0bc: 0000 90e8 

  0x000001fb76f8c0c0: ; ImmutableOopMap {[160]=Oop [144]=Oop [200]=Oop }
                      ;*invokevirtual getProtectionDomain {reexecute=0 rethrow=0 return_oop=0}
                      ; - java.security.SecureClassLoader::defineClass@9 (line 150)
                      ; - jdk.internal.loader.BuiltinClassLoader::defineClass@117 (line 862)
  0x000001fb76f8c0c0: 1cb3 ffff | 4c8b 8424 | 9000 0000 | 4c8b 8c24 | c800 0000 | bf00 0000 | 008b b424 | d800 0000 
  0x000001fb76f8c0e0: 488b c848 | 8b94 24a0 | 0000 000f 

  0x000001fb76f8c0ec: ;   {optimized virtual_call}
  0x000001fb76f8c0ec: 1f40 00e8 

  0x000001fb76f8c0f0: ; ImmutableOopMap {}
                      ;*invokevirtual defineClass {reexecute=0 rethrow=0 return_oop=0}
                      ; - java.security.SecureClassLoader::defineClass@12 (line 150)
                      ; - jdk.internal.loader.BuiltinClassLoader::defineClass@117 (line 862)
  0x000001fb76f8c0f0: 0c64 0400 | 4881 c400 | 0100 005d 

  0x000001fb76f8c0fc: ;   {poll_return}
  0x000001fb76f8c0fc: 493b a750 | 0300 000f | 87f3 0000 | 00c3 498b | 87e0 0300 | 004d 33d2 | 4d89 97e0 | 0300 004d 
  0x000001fb76f8c11c: 33d2 4d89 | 97e8 0300 | 0048 8bf0 | 488d 8424 | e000 0000 | 488b 3848 | 85ff 0f84 | 0f00 0000 
  0x000001fb76f8c13c: 488b 5808 | f048 0fb1 | 3b0f 85c7 | 0000 0048 | 8bc6 e9f4 

  0x000001fb76f8c150: ;   {runtime_call throw_null_pointer_exception Runtime1 stub}
  0x000001fb76f8c150: 0000 00e8 

  0x000001fb76f8c154: ; ImmutableOopMap {[152]=Oop [160]=Oop rax=Oop [168]=Oop r8=Oop [144]=Oop }
                      ;*invokevirtual lastIndexOf {reexecute=0 rethrow=0 return_oop=0}
                      ; - jdk.internal.loader.BuiltinClassLoader::defineClass@8 (line 845)
  0x000001fb76f8c154: c895 c5ff 

  0x000001fb76f8c158: ;   {runtime_call throw_null_pointer_exception Runtime1 stub}
  0x000001fb76f8c158: e8c3 95c5 

  0x000001fb76f8c15c: ; ImmutableOopMap {[152]=Oop [160]=Oop rax=Oop [168]=Oop r8=Oop [144]=Oop rsi=Oop }
                      ;*arraylength {reexecute=0 rethrow=0 return_oop=0}
                      ; - java.lang.String::length@4 (line 1481)
                      ; - java.lang.String::lastIndexOf@3 (line 2451)
                      ; - jdk.internal.loader.BuiltinClassLoader::defineClass@8 (line 845)
  0x000001fb76f8c15c: ff4c 894c | 2408 4889 

  0x000001fb76f8c164: ;   {runtime_call monitorenter_nofpu Runtime1 stub}
  0x000001fb76f8c164: 1424 e815 

  0x000001fb76f8c168: ; ImmutableOopMap {[160]=Oop [168]=Oop [144]=Oop r9=Oop [152]=Oop [232]=Oop }
                      ;*synchronization entry
                      ; - jdk.internal.loader.Resource::cachedInputStream@-1 (line 76)
                      ; - jdk.internal.loader.Resource::getByteBuffer@1 (line 163)
                      ; - jdk.internal.loader.BuiltinClassLoader::defineClass@45 (line 853)
  0x000001fb76f8c168: cec5 ffe9 | 30fc ffff | 418b 510c | 48c1 e203 | 4883 fa00 | 0f84 58fc | ffff 4889 

  0x000001fb76f8c184: ;   {runtime_call g1_pre_barrier_slow}
  0x000001fb76f8c184: 1424 e8f5 | 0ac6 ffe9 | 4afc ffff | 4883 f800 | 0f84 5ffc | ffff 4c89 

  0x000001fb76f8c19c: ;   {runtime_call g1_post_barrier_slow}
  0x000001fb76f8c19c: 0c24 e8dd | 0ec6 ffe9 | 51fc ffff | 488d 8424 | e000 0000 | 4889 0424 

  0x000001fb76f8c1b4: ;   {runtime_call monitorexit_nofpu Runtime1 stub}
  0x000001fb76f8c1b4: e847 d7c5 | ffe9 66fc | ffff 4889 

  0x000001fb76f8c1c0: ;   {runtime_call throw_class_cast_exception Runtime1 stub}
  0x000001fb76f8c1c0: 1424 e859 

  0x000001fb76f8c1c4: ; ImmutableOopMap {[160]=Oop [168]=Oop [144]=Oop [152]=Oop }
                      ;*checkcast {reexecute=0 rethrow=0 return_oop=0}
                      ; - jdk.internal.loader.Resource::getByteBuffer@13 (line 165)
                      ; - jdk.internal.loader.BuiltinClassLoader::defineClass@45 (line 853)
  0x000001fb76f8c1c4: c1c5 ff48 

  0x000001fb76f8c1c8: ;   {runtime_call fast_new_instance Runtime1 stub}
  0x000001fb76f8c1c8: 8bd2 e831 

  0x000001fb76f8c1cc: ; ImmutableOopMap {[160]=Oop [168]=Oop [144]=Oop [184]=Oop r9=Oop }
                      ;*new {reexecute=0 rethrow=0 return_oop=0}
                      ; - jdk.internal.loader.BuiltinClassLoader::defineClass@61 (line 856)
  0x000001fb76f8c1cc: a0c5 ffe9 | abfd ffff 

  0x000001fb76f8c1d4: ;   {internal_word}
  0x000001fb76f8c1d4: 49ba dcbf | f876 fb01 | 0000 4d89 | 9768 0300 

  0x000001fb76f8c1e4: ;   {runtime_call SafepointBlob}
  0x000001fb76f8c1e4: 00e9 96cd | bbff 488b 

  0x000001fb76f8c1ec: ;   {runtime_call fast_new_instance Runtime1 stub}
  0x000001fb76f8c1ec: d2e8 0ea0 

  0x000001fb76f8c1f0: ; ImmutableOopMap {[160]=Oop [144]=Oop [168]=Oop [200]=Oop r9=Oop }
                      ;*new {reexecute=0 rethrow=0 return_oop=0}
                      ; - jdk.internal.loader.BuiltinClassLoader::defineClass@95 (line 861)
  0x000001fb76f8c1f0: c5ff e988 

  0x000001fb76f8c1f4: ;   {runtime_call throw_null_pointer_exception Runtime1 stub}
  0x000001fb76f8c1f4: feff ffe8 

  0x000001fb76f8c1f8: ; ImmutableOopMap {[160]=Oop [144]=Oop [208]=Oop rax=Oop [200]=Oop }
                      ;*arraylength {reexecute=0 rethrow=0 return_oop=0}
                      ; - jdk.internal.loader.BuiltinClassLoader::defineClass@114 (line 862)
  0x000001fb76f8c1f8: 2495 c5ff 

  0x000001fb76f8c1fc: ;   {internal_word}
  0x000001fb76f8c1fc: 49ba fcc0 | f876 fb01 | 0000 4d89 | 9768 0300 

  0x000001fb76f8c20c: ;   {runtime_call SafepointBlob}
  0x000001fb76f8c20c: 00e9 6ecd | bbff 488d | 8424 e000 | 0000 4889 

  0x000001fb76f8c21c: ;   {runtime_call monitorexit_nofpu Runtime1 stub}
  0x000001fb76f8c21c: 0424 e8dd | d6c5 ffe9 | 23ff ffff | 9090 498b | 87e0 0300 | 0049 c787 | e003 0000 | 0000 0000 
  0x000001fb76f8c23c: 49c7 87e8 | 0300 0000 | 0000 0048 | 81c4 0001 

  0x000001fb76f8c24c: ;   {runtime_call unwind_exception Runtime1 stub}
  0x000001fb76f8c24c: 0000 5de9 | ac85 c5ff | f4f4 f4f4 | f4f4 f4f4 | f4f4 f4f4 
[Stub Code]
  0x000001fb76f8c260: ;   {no_reloc}
  0x000001fb76f8c260: 0f1f 4400 

  0x000001fb76f8c264: ;   {static_stub}
  0x000001fb76f8c264: 0048 bb00 | 0000 0000 

  0x000001fb76f8c26c: ;   {runtime_call}
  0x000001fb76f8c26c: 0000 00e9 | fbff ffff 

  0x000001fb76f8c274: ;   {static_stub}
  0x000001fb76f8c274: 9048 bb00 | 0000 0000 

  0x000001fb76f8c27c: ;   {runtime_call}
  0x000001fb76f8c27c: 0000 00e9 | fbff ffff 

  0x000001fb76f8c284: ;   {static_stub}
  0x000001fb76f8c284: 9048 bb00 | 0000 0000 

  0x000001fb76f8c28c: ;   {runtime_call}
  0x000001fb76f8c28c: 0000 00e9 | fbff ffff 

  0x000001fb76f8c294: ;   {static_stub}
  0x000001fb76f8c294: 9048 bb00 | 0000 0000 

  0x000001fb76f8c29c: ;   {runtime_call}
  0x000001fb76f8c29c: 0000 00e9 | fbff ffff 

  0x000001fb76f8c2a4: ;   {static_stub}
  0x000001fb76f8c2a4: 9048 bb00 | 0000 0000 

  0x000001fb76f8c2ac: ;   {runtime_call}
  0x000001fb76f8c2ac: 0000 00e9 | fbff ffff 

  0x000001fb76f8c2b4: ;   {static_stub}
  0x000001fb76f8c2b4: 9048 bb00 | 0000 0000 

  0x000001fb76f8c2bc: ;   {runtime_call}
  0x000001fb76f8c2bc: 0000 00e9 | fbff ffff 

  0x000001fb76f8c2c4: ;   {static_stub}
  0x000001fb76f8c2c4: 9048 bb00 | 0000 0000 

  0x000001fb76f8c2cc: ;   {runtime_call}
  0x000001fb76f8c2cc: 0000 00e9 | fbff ffff 

  0x000001fb76f8c2d4: ;   {static_stub}
  0x000001fb76f8c2d4: 9048 bb00 | 0000 0000 

  0x000001fb76f8c2dc: ;   {runtime_call}
  0x000001fb76f8c2dc: 0000 00e9 | fbff ffff 

  0x000001fb76f8c2e4: ;   {static_stub}
  0x000001fb76f8c2e4: 9048 bb00 | 0000 0000 

  0x000001fb76f8c2ec: ;   {runtime_call}
  0x000001fb76f8c2ec: 0000 00e9 | fbff ffff 

  0x000001fb76f8c2f4: ;   {static_stub}
  0x000001fb76f8c2f4: 9048 bb00 | 0000 0000 

  0x000001fb76f8c2fc: ;   {runtime_call}
  0x000001fb76f8c2fc: 0000 00e9 | fbff ffff 

  0x000001fb76f8c304: ;   {static_stub}
  0x000001fb76f8c304: 9048 bb00 | 0000 0000 

  0x000001fb76f8c30c: ;   {runtime_call}
  0x000001fb76f8c30c: 0000 00e9 | fbff ffff 

  0x000001fb76f8c314: ;   {static_stub}
  0x000001fb76f8c314: 9048 bb00 | 0000 0000 

  0x000001fb76f8c31c: ;   {runtime_call}
  0x000001fb76f8c31c: 0000 00e9 | fbff ffff 

  0x000001fb76f8c324: ;   {static_stub}
  0x000001fb76f8c324: 9048 bb00 | 0000 0000 

  0x000001fb76f8c32c: ;   {runtime_call}
  0x000001fb76f8c32c: 0000 00e9 | fbff ffff 

  0x000001fb76f8c334: ;   {static_stub}
  0x000001fb76f8c334: 9048 bb00 | 0000 0000 

  0x000001fb76f8c33c: ;   {runtime_call}
  0x000001fb76f8c33c: 0000 00e9 | fbff ffff 

  0x000001fb76f8c344: ;   {static_stub}
  0x000001fb76f8c344: 9048 bb00 | 0000 0000 

  0x000001fb76f8c34c: ;   {runtime_call}
  0x000001fb76f8c34c: 0000 00e9 | fbff ffff 

  0x000001fb76f8c354: ;   {static_stub}
  0x000001fb76f8c354: 9048 bb00 | 0000 0000 

  0x000001fb76f8c35c: ;   {runtime_call}
  0x000001fb76f8c35c: 0000 00e9 | fbff ffff 

  0x000001fb76f8c364: ;   {static_stub}
  0x000001fb76f8c364: 9048 bbb8 | 0c01 06fb 

  0x000001fb76f8c36c: ;   {runtime_call I2C/C2I adapters}
  0x000001fb76f8c36c: 0100 00e9 | 77bf baff 
[Exception Handler]
  0x000001fb76f8c374: ;   {runtime_call handle_exception_from_callee Runtime1 stub}
  0x000001fb76f8c374: e887 b9c5 

  0x000001fb76f8c378: ;   {external_word}
  0x000001fb76f8c378: ff48 b940 | 9a99 dbf8 | 7f00 0048 

  0x000001fb76f8c384: ;   {runtime_call}
  0x000001fb76f8c384: 83e4 f049 | ba20 2762 | dbf8 7f00 | 0041 ffd2 

  0x000001fb76f8c394: ;   {section_word}
  0x000001fb76f8c394: f449 ba95 | c3f8 76fb | 0100 0041 

  0x000001fb76f8c3a0: ;   {runtime_call DeoptimizationBlob}
  0x000001fb76f8c3a0: 52e9 7ae0 | bbff f4f4 
[/MachCode]


---------------  P R O C E S S  ---------------

Threads class SMR info:
_java_thread_list=0x000001fb4c4d7370, length=19, elements={
0x000001fb6efe9e50, 0x000001fb7fbae2b0, 0x000001fb7fbaed80, 0x000001fb7fbc5580,
0x000001fb7fbc5f50, 0x000001fb7fbc6820, 0x000001fb7fbc9100, 0x000001fb7fbcaa90,
0x000001fb7fbd5b70, 0x000001fb7fb99f80, 0x000001fb7fb9a860, 0x000001fb47202c50,
0x000001fb478e2da0, 0x000001fb478e3280, 0x000001fb479cf210, 0x000001fb47a7fbd0,
0x000001fb4c403ee0, 0x000001fb4c4043c0, 0x000001fb4c535cd0
}

Java Threads: ( => current thread )
  0x000001fb6efe9e50 JavaThread "main" [_thread_blocked, id=10312, stack(0x00000065e4200000,0x00000065e4300000)]
  0x000001fb7fbae2b0 JavaThread "Reference Handler" daemon [_thread_blocked, id=16472, stack(0x00000065e4900000,0x00000065e4a00000)]
  0x000001fb7fbaed80 JavaThread "Finalizer" daemon [_thread_blocked, id=13924, stack(0x00000065e4a00000,0x00000065e4b00000)]
  0x000001fb7fbc5580 JavaThread "Signal Dispatcher" daemon [_thread_blocked, id=12668, stack(0x00000065e4b00000,0x00000065e4c00000)]
  0x000001fb7fbc5f50 JavaThread "Attach Listener" daemon [_thread_blocked, id=6252, stack(0x00000065e4c00000,0x00000065e4d00000)]
  0x000001fb7fbc6820 JavaThread "Service Thread" daemon [_thread_blocked, id=444, stack(0x00000065e4d00000,0x00000065e4e00000)]
  0x000001fb7fbc9100 JavaThread "Monitor Deflation Thread" daemon [_thread_blocked, id=5420, stack(0x00000065e4e00000,0x00000065e4f00000)]
  0x000001fb7fbcaa90 JavaThread "C1 CompilerThread0" daemon [_thread_blocked, id=18856, stack(0x00000065e4f00000,0x00000065e5000000)]
  0x000001fb7fbd5b70 JavaThread "Sweeper thread" daemon [_thread_blocked, id=18904, stack(0x00000065e5000000,0x00000065e5100000)]
  0x000001fb7fb99f80 JavaThread "Common-Cleaner" daemon [_thread_blocked, id=18976, stack(0x00000065e5100000,0x00000065e5200000)]
  0x000001fb7fb9a860 JavaThread "C1 CompilerThread1" daemon [_thread_blocked, id=4072, stack(0x00000065e5200000,0x00000065e5300000)]
  0x000001fb47202c50 JavaThread "C1 CompilerThread2" daemon [_thread_blocked, id=11328, stack(0x00000065e5300000,0x00000065e5400000)]
  0x000001fb478e2da0 JavaThread "Monitor Ctrl-Break" daemon [_thread_in_native, id=7960, stack(0x00000065e5400000,0x00000065e5500000)]
  0x000001fb478e3280 JavaThread "Notification Thread" daemon [_thread_blocked, id=3652, stack(0x00000065e5500000,0x00000065e5600000)]
  0x000001fb479cf210 JavaThread "RMI TCP Accept-0" daemon [_thread_in_native, id=16936, stack(0x00000065e5600000,0x00000065e5700000)]
  0x000001fb47a7fbd0 JavaThread "C1 CompilerThread3" daemon [_thread_blocked, id=16688, stack(0x00000065e5800000,0x00000065e5900000)]
  0x000001fb4c403ee0 JavaThread "Thread-0" [_thread_blocked, id=17164, stack(0x00000065e6200000,0x00000065e6300000)]
=>0x000001fb4c4043c0 JavaThread "restartedMain" [_thread_in_vm, id=13100, stack(0x00000065e6300000,0x00000065e6400000)]
  0x000001fb4c535cd0 JavaThread "background-preinit" [_thread_in_vm, id=14640, stack(0x00000065e6500000,0x00000065e6600000)]

Other Threads:
  0x000001fb7fba98f0 VMThread "VM Thread" [stack: 0x00000065e4800000,0x00000065e4900000] [id=9328]
  0x000001fb6efeae10 WatcherThread [stack: 0x00000065e5700000,0x00000065e5800000] [id=14024]
  0x000001fb6f055490 GCTaskThread "GC Thread#0" [stack: 0x00000065e4300000,0x00000065e4400000] [id=576]
  0x000001fb47cf97f0 GCTaskThread "GC Thread#1" [stack: 0x00000065e5900000,0x00000065e5a00000] [id=6768]
  0x000001fb47cf9ab0 GCTaskThread "GC Thread#2" [stack: 0x00000065e5a00000,0x00000065e5b00000] [id=13540]
  0x000001fb47cf6cd0 GCTaskThread "GC Thread#3" [stack: 0x00000065e5b00000,0x00000065e5c00000] [id=5888]
  0x000001fb47cf6f90 GCTaskThread "GC Thread#4" [stack: 0x00000065e5c00000,0x00000065e5d00000] [id=4792]
  0x000001fb47cf76d0 GCTaskThread "GC Thread#5" [stack: 0x00000065e5d00000,0x00000065e5e00000] [id=9876]
  0x000001fb4c34e940 GCTaskThread "GC Thread#6" [stack: 0x00000065e5e00000,0x00000065e5f00000] [id=8200]
  0x000001fb4c34ec00 GCTaskThread "GC Thread#7" [stack: 0x00000065e5f00000,0x00000065e6000000] [id=12000]
  0x000001fb6ce5df10 ConcurrentGCThread "G1 Main Marker" [stack: 0x00000065e4400000,0x00000065e4500000] [id=11980]
  0x000001fb6ce5e840 ConcurrentGCThread "G1 Conc#0" [stack: 0x00000065e4500000,0x00000065e4600000] [id=9440]
  0x000001fb7fae6890 ConcurrentGCThread "G1 Refine#0" [stack: 0x00000065e4600000,0x00000065e4700000] [id=19220]
  0x000001fb4c34f2d0 ConcurrentGCThread "G1 Refine#1" [stack: 0x00000065e6000000,0x00000065e6100000] [id=7164]
  0x000001fb4c357b50 ConcurrentGCThread "G1 Refine#2" [stack: 0x00000065e6100000,0x00000065e6200000] [id=15976]
  0x000001fb7fae6f70 ConcurrentGCThread "G1 Service" [stack: 0x00000065e4700000,0x00000065e4800000] [id=6576]

Threads with active compile tasks:

VM state: not at safepoint (normal execution)

VM Mutex/Monitor currently owned by a thread:  ([mutex/lock_event])
[0x000001fb6efe5350] Metaspace_lock - owner thread: 0x000001fb4c4043c0

Heap address: 0x0000000703200000, size: 4046 MB, Compressed Oops mode: Zero based, Oop shift amount: 3

CDS archive(s) mapped at: [0x000001fb06000000-0x000001fb06bb0000-0x000001fb06bb0000), size 12255232, SharedBaseAddress: 0x000001fb06000000, ArchiveRelocationMode: 1.
Compressed class space mapped at: 0x000001fb07000000-0x000001fb47000000, reserved size: 1073741824
Narrow klass base: 0x000001fb06000000, Narrow klass shift: 0, Narrow klass range: 0x100000000

GC Precious Log:
 CPUs: 8 total, 8 available
 Memory: 16183M
 Large Page Support: Disabled
 NUMA Support: Disabled
 Compressed Oops: Enabled (Zero based)
 Heap Region Size: 2M
 Heap Min Capacity: 8M
 Heap Initial Capacity: 254M
 Heap Max Capacity: 4046M
 Pre-touch: Disabled
 Parallel Workers: 8
 Concurrent Workers: 2
 Concurrent Refinement Workers: 8
 Periodic GC: Disabled

Heap:
 garbage-first heap   total 260096K, used 30777K [0x0000000703200000, 0x0000000800000000)
  region size 2048K, 12 young (24576K), 1 survivors (2048K)
 Metaspace       used 11652K, committed 11840K, reserved 1114112K
  class space    used 1572K, committed 1664K, reserved 1048576K

Heap Regions: E=young(eden), S=young(survivor), O=old, HS=humongous(starts), HC=humongous(continues), CS=collection set, F=free, OA=open archive, CA=closed archive, TAMS=top-at-mark-start (previous, next)
|   0|0x0000000703200000, 0x0000000703400000, 0x0000000703400000|100%| O|  |TAMS 0x0000000703200000, 0x0000000703200000| Untracked 
|   1|0x0000000703400000, 0x0000000703600000, 0x0000000703600000|100%| O|  |TAMS 0x0000000703400000, 0x0000000703400000| Untracked 
|   2|0x0000000703600000, 0x0000000703800000, 0x0000000703800000|100%| O|  |TAMS 0x0000000703600000, 0x0000000703600000| Untracked 
|   3|0x0000000703800000, 0x0000000703a00000, 0x0000000703a00000|100%| O|  |TAMS 0x0000000703800000, 0x0000000703800000| Untracked 
|   4|0x0000000703a00000, 0x0000000703c00000, 0x0000000703c00000|100%| O|  |TAMS 0x0000000703a00000, 0x0000000703a00000| Untracked 
|   5|0x0000000703c00000, 0x0000000703d3a200, 0x0000000703e00000| 61%| O|  |TAMS 0x0000000703c00000, 0x0000000703c00000| Untracked 
|   6|0x0000000703e00000, 0x0000000703e00000, 0x0000000704000000|  0%| F|  |TAMS 0x0000000703e00000, 0x0000000703e00000| Untracked 
|   7|0x0000000704000000, 0x0000000704000000, 0x0000000704200000|  0%| F|  |TAMS 0x0000000704000000, 0x0000000704000000| Untracked 
|   8|0x0000000704200000, 0x0000000704200000, 0x0000000704400000|  0%| F|  |TAMS 0x0000000704200000, 0x0000000704200000| Untracked 
|   9|0x0000000704400000, 0x0000000704400000, 0x0000000704600000|  0%| F|  |TAMS 0x0000000704400000, 0x0000000704400000| Untracked 
|  10|0x0000000704600000, 0x0000000704600000, 0x0000000704800000|  0%| F|  |TAMS 0x0000000704600000, 0x0000000704600000| Untracked 
|  11|0x0000000704800000, 0x0000000704800000, 0x0000000704a00000|  0%| F|  |TAMS 0x0000000704800000, 0x0000000704800000| Untracked 
|  12|0x0000000704a00000, 0x0000000704a00000, 0x0000000704c00000|  0%| F|  |TAMS 0x0000000704a00000, 0x0000000704a00000| Untracked 
|  13|0x0000000704c00000, 0x0000000704c00000, 0x0000000704e00000|  0%| F|  |TAMS 0x0000000704c00000, 0x0000000704c00000| Untracked 
|  14|0x0000000704e00000, 0x0000000704e00000, 0x0000000705000000|  0%| F|  |TAMS 0x0000000704e00000, 0x0000000704e00000| Untracked 
|  15|0x0000000705000000, 0x0000000705000000, 0x0000000705200000|  0%| F|  |TAMS 0x0000000705000000, 0x0000000705000000| Untracked 
|  16|0x0000000705200000, 0x0000000705200000, 0x0000000705400000|  0%| F|  |TAMS 0x0000000705200000, 0x0000000705200000| Untracked 
|  17|0x0000000705400000, 0x0000000705400000, 0x0000000705600000|  0%| F|  |TAMS 0x0000000705400000, 0x0000000705400000| Untracked 
|  18|0x0000000705600000, 0x0000000705600000, 0x0000000705800000|  0%| F|  |TAMS 0x0000000705600000, 0x0000000705600000| Untracked 
|  19|0x0000000705800000, 0x0000000705800000, 0x0000000705a00000|  0%| F|  |TAMS 0x0000000705800000, 0x0000000705800000| Untracked 
|  20|0x0000000705a00000, 0x0000000705a00000, 0x0000000705c00000|  0%| F|  |TAMS 0x0000000705a00000, 0x0000000705a00000| Untracked 
|  21|0x0000000705c00000, 0x0000000705c00000, 0x0000000705e00000|  0%| F|  |TAMS 0x0000000705c00000, 0x0000000705c00000| Untracked 
|  22|0x0000000705e00000, 0x0000000705e00000, 0x0000000706000000|  0%| F|  |TAMS 0x0000000705e00000, 0x0000000705e00000| Untracked 
|  23|0x0000000706000000, 0x0000000706000000, 0x0000000706200000|  0%| F|  |TAMS 0x0000000706000000, 0x0000000706000000| Untracked 
|  24|0x0000000706200000, 0x0000000706200000, 0x0000000706400000|  0%| F|  |TAMS 0x0000000706200000, 0x0000000706200000| Untracked 
|  25|0x0000000706400000, 0x0000000706400000, 0x0000000706600000|  0%| F|  |TAMS 0x0000000706400000, 0x0000000706400000| Untracked 
|  26|0x0000000706600000, 0x0000000706600000, 0x0000000706800000|  0%| F|  |TAMS 0x0000000706600000, 0x0000000706600000| Untracked 
|  27|0x0000000706800000, 0x0000000706800000, 0x0000000706a00000|  0%| F|  |TAMS 0x0000000706800000, 0x0000000706800000| Untracked 
|  28|0x0000000706a00000, 0x0000000706a00000, 0x0000000706c00000|  0%| F|  |TAMS 0x0000000706a00000, 0x0000000706a00000| Untracked 
|  29|0x0000000706c00000, 0x0000000706c00000, 0x0000000706e00000|  0%| F|  |TAMS 0x0000000706c00000, 0x0000000706c00000| Untracked 
|  30|0x0000000706e00000, 0x0000000706e00000, 0x0000000707000000|  0%| F|  |TAMS 0x0000000706e00000, 0x0000000706e00000| Untracked 
|  31|0x0000000707000000, 0x0000000707000000, 0x0000000707200000|  0%| F|  |TAMS 0x0000000707000000, 0x0000000707000000| Untracked 
|  32|0x0000000707200000, 0x0000000707200000, 0x0000000707400000|  0%| F|  |TAMS 0x0000000707200000, 0x0000000707200000| Untracked 
|  33|0x0000000707400000, 0x0000000707400000, 0x0000000707600000|  0%| F|  |TAMS 0x0000000707400000, 0x0000000707400000| Untracked 
|  34|0x0000000707600000, 0x0000000707600000, 0x0000000707800000|  0%| F|  |TAMS 0x0000000707600000, 0x0000000707600000| Untracked 
|  35|0x0000000707800000, 0x0000000707800000, 0x0000000707a00000|  0%| F|  |TAMS 0x0000000707800000, 0x0000000707800000| Untracked 
|  36|0x0000000707a00000, 0x0000000707a00000, 0x0000000707c00000|  0%| F|  |TAMS 0x0000000707a00000, 0x0000000707a00000| Untracked 
|  37|0x0000000707c00000, 0x0000000707c00000, 0x0000000707e00000|  0%| F|  |TAMS 0x0000000707c00000, 0x0000000707c00000| Untracked 
|  38|0x0000000707e00000, 0x0000000707e00000, 0x0000000708000000|  0%| F|  |TAMS 0x0000000707e00000, 0x0000000707e00000| Untracked 
|  39|0x0000000708000000, 0x0000000708000000, 0x0000000708200000|  0%| F|  |TAMS 0x0000000708000000, 0x0000000708000000| Untracked 
|  40|0x0000000708200000, 0x0000000708200000, 0x0000000708400000|  0%| F|  |TAMS 0x0000000708200000, 0x0000000708200000| Untracked 
|  41|0x0000000708400000, 0x0000000708400000, 0x0000000708600000|  0%| F|  |TAMS 0x0000000708400000, 0x0000000708400000| Untracked 
|  42|0x0000000708600000, 0x0000000708600000, 0x0000000708800000|  0%| F|  |TAMS 0x0000000708600000, 0x0000000708600000| Untracked 
|  43|0x0000000708800000, 0x0000000708800000, 0x0000000708a00000|  0%| F|  |TAMS 0x0000000708800000, 0x0000000708800000| Untracked 
|  44|0x0000000708a00000, 0x0000000708a00000, 0x0000000708c00000|  0%| F|  |TAMS 0x0000000708a00000, 0x0000000708a00000| Untracked 
|  45|0x0000000708c00000, 0x0000000708c00000, 0x0000000708e00000|  0%| F|  |TAMS 0x0000000708c00000, 0x0000000708c00000| Untracked 
|  46|0x0000000708e00000, 0x0000000708e00000, 0x0000000709000000|  0%| F|  |TAMS 0x0000000708e00000, 0x0000000708e00000| Untracked 
|  47|0x0000000709000000, 0x0000000709000000, 0x0000000709200000|  0%| F|  |TAMS 0x0000000709000000, 0x0000000709000000| Untracked 
|  48|0x0000000709200000, 0x0000000709200000, 0x0000000709400000|  0%| F|  |TAMS 0x0000000709200000, 0x0000000709200000| Untracked 
|  49|0x0000000709400000, 0x0000000709400000, 0x0000000709600000|  0%| F|  |TAMS 0x0000000709400000, 0x0000000709400000| Untracked 
|  50|0x0000000709600000, 0x0000000709600000, 0x0000000709800000|  0%| F|  |TAMS 0x0000000709600000, 0x0000000709600000| Untracked 
|  51|0x0000000709800000, 0x0000000709800000, 0x0000000709a00000|  0%| F|  |TAMS 0x0000000709800000, 0x0000000709800000| Untracked 
|  52|0x0000000709a00000, 0x0000000709a00000, 0x0000000709c00000|  0%| F|  |TAMS 0x0000000709a00000, 0x0000000709a00000| Untracked 
|  53|0x0000000709c00000, 0x0000000709c00000, 0x0000000709e00000|  0%| F|  |TAMS 0x0000000709c00000, 0x0000000709c00000| Untracked 
|  54|0x0000000709e00000, 0x0000000709e00000, 0x000000070a000000|  0%| F|  |TAMS 0x0000000709e00000, 0x0000000709e00000| Untracked 
|  55|0x000000070a000000, 0x000000070a000000, 0x000000070a200000|  0%| F|  |TAMS 0x000000070a000000, 0x000000070a000000| Untracked 
|  56|0x000000070a200000, 0x000000070a200000, 0x000000070a400000|  0%| F|  |TAMS 0x000000070a200000, 0x000000070a200000| Untracked 
|  57|0x000000070a400000, 0x000000070a400000, 0x000000070a600000|  0%| F|  |TAMS 0x000000070a400000, 0x000000070a400000| Untracked 
|  58|0x000000070a600000, 0x000000070a600000, 0x000000070a800000|  0%| F|  |TAMS 0x000000070a600000, 0x000000070a600000| Untracked 
|  59|0x000000070a800000, 0x000000070a800000, 0x000000070aa00000|  0%| F|  |TAMS 0x000000070a800000, 0x000000070a800000| Untracked 
|  60|0x000000070aa00000, 0x000000070aa00000, 0x000000070ac00000|  0%| F|  |TAMS 0x000000070aa00000, 0x000000070aa00000| Untracked 
|  61|0x000000070ac00000, 0x000000070ac00000, 0x000000070ae00000|  0%| F|  |TAMS 0x000000070ac00000, 0x000000070ac00000| Untracked 
|  62|0x000000070ae00000, 0x000000070ae00000, 0x000000070b000000|  0%| F|  |TAMS 0x000000070ae00000, 0x000000070ae00000| Untracked 
|  63|0x000000070b000000, 0x000000070b000000, 0x000000070b200000|  0%| F|  |TAMS 0x000000070b000000, 0x000000070b000000| Untracked 
|  64|0x000000070b200000, 0x000000070b200000, 0x000000070b400000|  0%| F|  |TAMS 0x000000070b200000, 0x000000070b200000| Untracked 
|  65|0x000000070b400000, 0x000000070b400000, 0x000000070b600000|  0%| F|  |TAMS 0x000000070b400000, 0x000000070b400000| Untracked 
|  66|0x000000070b600000, 0x000000070b600000, 0x000000070b800000|  0%| F|  |TAMS 0x000000070b600000, 0x000000070b600000| Untracked 
|  67|0x000000070b800000, 0x000000070b800000, 0x000000070ba00000|  0%| F|  |TAMS 0x000000070b800000, 0x000000070b800000| Untracked 
|  68|0x000000070ba00000, 0x000000070ba00000, 0x000000070bc00000|  0%| F|  |TAMS 0x000000070ba00000, 0x000000070ba00000| Untracked 
|  69|0x000000070bc00000, 0x000000070bc00000, 0x000000070be00000|  0%| F|  |TAMS 0x000000070bc00000, 0x000000070bc00000| Untracked 
|  70|0x000000070be00000, 0x000000070be00000, 0x000000070c000000|  0%| F|  |TAMS 0x000000070be00000, 0x000000070be00000| Untracked 
|  71|0x000000070c000000, 0x000000070c000000, 0x000000070c200000|  0%| F|  |TAMS 0x000000070c000000, 0x000000070c000000| Untracked 
|  72|0x000000070c200000, 0x000000070c200000, 0x000000070c400000|  0%| F|  |TAMS 0x000000070c200000, 0x000000070c200000| Untracked 
|  73|0x000000070c400000, 0x000000070c400000, 0x000000070c600000|  0%| F|  |TAMS 0x000000070c400000, 0x000000070c400000| Untracked 
|  74|0x000000070c600000, 0x000000070c600000, 0x000000070c800000|  0%| F|  |TAMS 0x000000070c600000, 0x000000070c600000| Untracked 
|  75|0x000000070c800000, 0x000000070c800000, 0x000000070ca00000|  0%| F|  |TAMS 0x000000070c800000, 0x000000070c800000| Untracked 
|  76|0x000000070ca00000, 0x000000070ca00000, 0x000000070cc00000|  0%| F|  |TAMS 0x000000070ca00000, 0x000000070ca00000| Untracked 
|  77|0x000000070cc00000, 0x000000070cc00000, 0x000000070ce00000|  0%| F|  |TAMS 0x000000070cc00000, 0x000000070cc00000| Untracked 
|  78|0x000000070ce00000, 0x000000070ce00000, 0x000000070d000000|  0%| F|  |TAMS 0x000000070ce00000, 0x000000070ce00000| Untracked 
|  79|0x000000070d000000, 0x000000070d000000, 0x000000070d200000|  0%| F|  |TAMS 0x000000070d000000, 0x000000070d000000| Untracked 
|  80|0x000000070d200000, 0x000000070d200000, 0x000000070d400000|  0%| F|  |TAMS 0x000000070d200000, 0x000000070d200000| Untracked 
|  81|0x000000070d400000, 0x000000070d400000, 0x000000070d600000|  0%| F|  |TAMS 0x000000070d400000, 0x000000070d400000| Untracked 
|  82|0x000000070d600000, 0x000000070d600000, 0x000000070d800000|  0%| F|  |TAMS 0x000000070d600000, 0x000000070d600000| Untracked 
|  83|0x000000070d800000, 0x000000070d800000, 0x000000070da00000|  0%| F|  |TAMS 0x000000070d800000, 0x000000070d800000| Untracked 
|  84|0x000000070da00000, 0x000000070da00000, 0x000000070dc00000|  0%| F|  |TAMS 0x000000070da00000, 0x000000070da00000| Untracked 
|  85|0x000000070dc00000, 0x000000070dc00000, 0x000000070de00000|  0%| F|  |TAMS 0x000000070dc00000, 0x000000070dc00000| Untracked 
|  86|0x000000070de00000, 0x000000070de00000, 0x000000070e000000|  0%| F|  |TAMS 0x000000070de00000, 0x000000070de00000| Untracked 
|  87|0x000000070e000000, 0x000000070e000000, 0x000000070e200000|  0%| F|  |TAMS 0x000000070e000000, 0x000000070e000000| Untracked 
|  88|0x000000070e200000, 0x000000070e200000, 0x000000070e400000|  0%| F|  |TAMS 0x000000070e200000, 0x000000070e200000| Untracked 
|  89|0x000000070e400000, 0x000000070e400000, 0x000000070e600000|  0%| F|  |TAMS 0x000000070e400000, 0x000000070e400000| Untracked 
|  90|0x000000070e600000, 0x000000070e600000, 0x000000070e800000|  0%| F|  |TAMS 0x000000070e600000, 0x000000070e600000| Untracked 
|  91|0x000000070e800000, 0x000000070e800000, 0x000000070ea00000|  0%| F|  |TAMS 0x000000070e800000, 0x000000070e800000| Untracked 
|  92|0x000000070ea00000, 0x000000070ea00000, 0x000000070ec00000|  0%| F|  |TAMS 0x000000070ea00000, 0x000000070ea00000| Untracked 
|  93|0x000000070ec00000, 0x000000070ec00000, 0x000000070ee00000|  0%| F|  |TAMS 0x000000070ec00000, 0x000000070ec00000| Untracked 
|  94|0x000000070ee00000, 0x000000070ee00000, 0x000000070f000000|  0%| F|  |TAMS 0x000000070ee00000, 0x000000070ee00000| Untracked 
|  95|0x000000070f000000, 0x000000070f000000, 0x000000070f200000|  0%| F|  |TAMS 0x000000070f000000, 0x000000070f000000| Untracked 
|  96|0x000000070f200000, 0x000000070f200000, 0x000000070f400000|  0%| F|  |TAMS 0x000000070f200000, 0x000000070f200000| Untracked 
|  97|0x000000070f400000, 0x000000070f400000, 0x000000070f600000|  0%| F|  |TAMS 0x000000070f400000, 0x000000070f400000| Untracked 
|  98|0x000000070f600000, 0x000000070f600000, 0x000000070f800000|  0%| F|  |TAMS 0x000000070f600000, 0x000000070f600000| Untracked 
|  99|0x000000070f800000, 0x000000070f800000, 0x000000070fa00000|  0%| F|  |TAMS 0x000000070f800000, 0x000000070f800000| Untracked 
| 100|0x000000070fa00000, 0x000000070fa00000, 0x000000070fc00000|  0%| F|  |TAMS 0x000000070fa00000, 0x000000070fa00000| Untracked 
| 101|0x000000070fc00000, 0x000000070fc00000, 0x000000070fe00000|  0%| F|  |TAMS 0x000000070fc00000, 0x000000070fc00000| Untracked 
| 102|0x000000070fe00000, 0x000000070fe00000, 0x0000000710000000|  0%| F|  |TAMS 0x000000070fe00000, 0x000000070fe00000| Untracked 
| 103|0x0000000710000000, 0x0000000710000000, 0x0000000710200000|  0%| F|  |TAMS 0x0000000710000000, 0x0000000710000000| Untracked 
| 104|0x0000000710200000, 0x0000000710200000, 0x0000000710400000|  0%| F|  |TAMS 0x0000000710200000, 0x0000000710200000| Untracked 
| 105|0x0000000710400000, 0x0000000710400000, 0x0000000710600000|  0%| F|  |TAMS 0x0000000710400000, 0x0000000710400000| Untracked 
| 106|0x0000000710600000, 0x0000000710600000, 0x0000000710800000|  0%| F|  |TAMS 0x0000000710600000, 0x0000000710600000| Untracked 
| 107|0x0000000710800000, 0x0000000710800000, 0x0000000710a00000|  0%| F|  |TAMS 0x0000000710800000, 0x0000000710800000| Untracked 
| 108|0x0000000710a00000, 0x0000000710a00000, 0x0000000710c00000|  0%| F|  |TAMS 0x0000000710a00000, 0x0000000710a00000| Untracked 
| 109|0x0000000710c00000, 0x0000000710c00000, 0x0000000710e00000|  0%| F|  |TAMS 0x0000000710c00000, 0x0000000710c00000| Untracked 
| 110|0x0000000710e00000, 0x0000000710e00000, 0x0000000711000000|  0%| F|  |TAMS 0x0000000710e00000, 0x0000000710e00000| Untracked 
| 111|0x0000000711000000, 0x0000000711000000, 0x0000000711200000|  0%| F|  |TAMS 0x0000000711000000, 0x0000000711000000| Untracked 
| 112|0x0000000711200000, 0x0000000711200000, 0x0000000711400000|  0%| F|  |TAMS 0x0000000711200000, 0x0000000711200000| Untracked 
| 113|0x0000000711400000, 0x0000000711400000, 0x0000000711600000|  0%| F|  |TAMS 0x0000000711400000, 0x0000000711400000| Untracked 
| 114|0x0000000711600000, 0x0000000711600000, 0x0000000711800000|  0%| F|  |TAMS 0x0000000711600000, 0x0000000711600000| Untracked 
| 115|0x0000000711800000, 0x000000071183bdb0, 0x0000000711a00000| 11%| E|  |TAMS 0x0000000711800000, 0x0000000711800000| Complete 
| 116|0x0000000711a00000, 0x0000000711c00000, 0x0000000711c00000|100%| E|  |TAMS 0x0000000711a00000, 0x0000000711a00000| Complete 
| 117|0x0000000711c00000, 0x0000000711e00000, 0x0000000711e00000|100%| E|CS|TAMS 0x0000000711c00000, 0x0000000711c00000| Complete 
| 118|0x0000000711e00000, 0x0000000711ed45f8, 0x0000000712000000| 41%| S|CS|TAMS 0x0000000711e00000, 0x0000000711e00000| Complete 
| 119|0x0000000712000000, 0x0000000712200000, 0x0000000712200000|100%| E|CS|TAMS 0x0000000712000000, 0x0000000712000000| Complete 
| 120|0x0000000712200000, 0x0000000712400000, 0x0000000712400000|100%| E|CS|TAMS 0x0000000712200000, 0x0000000712200000| Complete 
| 121|0x0000000712400000, 0x0000000712600000, 0x0000000712600000|100%| E|CS|TAMS 0x0000000712400000, 0x0000000712400000| Complete 
| 122|0x0000000712600000, 0x0000000712800000, 0x0000000712800000|100%| E|CS|TAMS 0x0000000712600000, 0x0000000712600000| Complete 
| 123|0x0000000712800000, 0x0000000712a00000, 0x0000000712a00000|100%| E|CS|TAMS 0x0000000712800000, 0x0000000712800000| Complete 
| 124|0x0000000712a00000, 0x0000000712c00000, 0x0000000712c00000|100%| E|CS|TAMS 0x0000000712a00000, 0x0000000712a00000| Complete 
| 125|0x0000000712c00000, 0x0000000712e00000, 0x0000000712e00000|100%| E|CS|TAMS 0x0000000712c00000, 0x0000000712c00000| Complete 
| 126|0x0000000712e00000, 0x0000000713000000, 0x0000000713000000|100%| E|CS|TAMS 0x0000000712e00000, 0x0000000712e00000| Complete 

Card table byte_map: [0x000001fb7a3f0000,0x000001fb7abe0000] _byte_map_base: 0x000001fb76bd7000

Marking Bits (Prev, Next): (CMBitMap*) 0x000001fb6f0569d0, (CMBitMap*) 0x000001fb6f056a10
 Prev Bits: [0x000001fb7b3d0000, 0x000001fb7f308000)
 Next Bits: [0x000001fb00000000, 0x000001fb03f38000)

Polling page: 0x000001fb6cfb0000

Metaspace:

Usage:
  Non-class:      9.84 MB used.
      Class:      1.54 MB used.
       Both:     11.38 MB used.

Virtual space:
  Non-class space:       64.00 MB reserved,       9.94 MB ( 16%) committed,  1 nodes.
      Class space:        1.00 GB reserved,       1.62 MB ( <1%) committed,  1 nodes.
             Both:        1.06 GB reserved,      11.56 MB (  1%) committed. 

Chunk freelists:
   Non-Class:  5.98 MB
       Class:  14.38 MB
        Both:  20.36 MB

MaxMetaspaceSize: unlimited
CompressedClassSpaceSize: 1.00 GB
Initial GC threshold: 21.00 MB
Current GC threshold: 21.00 MB
CDS: on
MetaspaceReclaimPolicy: balanced
 - commit_granule_bytes: 65536.
 - commit_granule_words: 8192.
 - virtual_space_node_default_size: 8388608.
 - enlarge_chunks_in_place: 1.
 - new_chunks_are_fully_committed: 0.
 - uncommit_free_chunks: 1.
 - use_allocation_guard: 0.
 - handle_deallocations: 1.


Internal statistics:

num_allocs_failed_limit: 0.
num_arena_births: 198.
num_arena_deaths: 0.
num_vsnodes_births: 2.
num_vsnodes_deaths: 0.
num_space_committed: 185.
num_space_uncommitted: 0.
num_chunks_returned_to_freelist: 0.
num_chunks_taken_from_freelist: 498.
num_chunk_merges: 0.
num_chunk_splits: 328.
num_chunks_enlarged: 228.
num_inconsistent_stats: 0.

CodeCache: size=49152Kb used=5907Kb max_used=5907Kb free=43244Kb
 bounds [0x000001fb76af0000, 0x000001fb770c0000, 0x000001fb79af0000]
 total_blobs=2475 nmethods=2012 adapters=387
 compilation: enabled
              stopped_count=0, restarted_count=0
 full_count=0

Compilation events (20 events):
Event: 1.488 Thread 0x000001fb7fb9a860 nmethod 1997 0x000001fb770ad810 code [0x000001fb770ad9a0, 0x000001fb770ada78]
Event: 1.488 Thread 0x000001fb47a7fbd0 nmethod 1996 0x000001fb770adb10 code [0x000001fb770adca0, 0x000001fb770add98]
Event: 1.488 Thread 0x000001fb7fb9a860 1999       1       java.util.regex.Matcher::search (154 bytes)
Event: 1.489 Thread 0x000001fb47a7fbd0 2000       1       java.util.regex.Pattern$BmpCharProperty::match (55 bytes)
Event: 1.489 Thread 0x000001fb47202c50 2001       1       java.util.regex.Pattern$Branch::match (66 bytes)
Event: 1.489 Thread 0x000001fb47a7fbd0 nmethod 2000 0x000001fb770ade10 code [0x000001fb770adfc0, 0x000001fb770ae1a8]
Event: 1.489 Thread 0x000001fb7fb9a860 nmethod 1999 0x000001fb770ae290 code [0x000001fb770ae440, 0x000001fb770ae658]
Event: 1.489 Thread 0x000001fb47202c50 nmethod 2001 0x000001fb770ae790 code [0x000001fb770ae960, 0x000001fb770aebb8]
Event: 1.489 Thread 0x000001fb47202c50 2002       1       java.util.regex.Pattern$GroupHead::match (47 bytes)
Event: 1.489 Thread 0x000001fb47202c50 nmethod 2002 0x000001fb770aed10 code [0x000001fb770aeec0, 0x000001fb770af048]
Event: 1.489 Thread 0x000001fb7fb9a860 2003       1       java.util.regex.Pattern$BmpCharPropertyGreedy::match (89 bytes)
Event: 1.489 Thread 0x000001fb47202c50 2004       1       java.util.regex.Pattern$Begin::match (62 bytes)
Event: 1.489 Thread 0x000001fb47202c50 nmethod 2004 0x000001fb770af190 code [0x000001fb770af340, 0x000001fb770af4e8]
Event: 1.489 Thread 0x000001fb7fb9a860 nmethod 2003 0x000001fb770af610 code [0x000001fb770af7e0, 0x000001fb770afa68]
Event: 1.491 Thread 0x000001fb47a7fbd0 2005       1       java.util.regex.Matcher::find (69 bytes)
Event: 1.491 Thread 0x000001fb47a7fbd0 nmethod 2005 0x000001fb770afc10 code [0x000001fb770afdc0, 0x000001fb770aff28]
Event: 1.491 Thread 0x000001fb7fbcaa90 2006       1       java.util.regex.Pattern$Start::match (90 bytes)
Event: 1.491 Thread 0x000001fb7fbcaa90 nmethod 2006 0x000001fb770b0010 code [0x000001fb770b01c0, 0x000001fb770b03c8]
Event: 1.493 Thread 0x000001fb7fb9a860 2007   !   1       jdk.internal.loader.BuiltinClassLoader$2::run (114 bytes)
Event: 1.494 Thread 0x000001fb7fb9a860 nmethod 2007 0x000001fb770b0510 code [0x000001fb770b0720, 0x000001fb770b0bb8]

GC Heap History (4 events):
Event: 0.836 GC heap before
{Heap before GC invocations=0 (full 0):
 garbage-first heap   total 260096K, used 20480K [0x0000000703200000, 0x0000000800000000)
  region size 2048K, 11 young (22528K), 0 survivors (0K)
 Metaspace       used 5447K, committed 5632K, reserved 1114112K
  class space    used 663K, committed 768K, reserved 1048576K
}
Event: 0.841 GC heap after
{Heap after GC invocations=1 (full 0):
 garbage-first heap   total 260096K, used 11001K [0x0000000703200000, 0x0000000800000000)
  region size 2048K, 2 young (4096K), 2 survivors (4096K)
 Metaspace       used 5447K, committed 5632K, reserved 1114112K
  class space    used 663K, committed 768K, reserved 1048576K
}
Event: 1.096 GC heap before
{Heap before GC invocations=1 (full 0):
 garbage-first heap   total 260096K, used 27385K [0x0000000703200000, 0x0000000800000000)
  region size 2048K, 10 young (20480K), 2 survivors (4096K)
 Metaspace       used 6983K, committed 7168K, reserved 1114112K
  class space    used 879K, committed 960K, reserved 1048576K
}
Event: 1.098 GC heap after
{Heap after GC invocations=2 (full 0):
 garbage-first heap   total 260096K, used 12345K [0x0000000703200000, 0x0000000800000000)
  region size 2048K, 1 young (2048K), 1 survivors (2048K)
 Metaspace       used 6983K, committed 7168K, reserved 1114112K
  class space    used 879K, committed 960K, reserved 1048576K
}

Dll operation events (13 events):
Event: 0.009 Loaded shared library C:\Users\kseni\.jdks\corretto-17.0.11\bin\java.dll
Event: 0.027 Loaded shared library C:\Users\kseni\.jdks\corretto-17.0.11\bin\jsvml.dll
Event: 0.131 Loaded shared library C:\Users\kseni\.jdks\corretto-17.0.11\bin\zip.dll
Event: 0.134 Loaded shared library C:\Users\kseni\.jdks\corretto-17.0.11\bin\instrument.dll
Event: 0.140 Loaded shared library C:\Users\kseni\.jdks\corretto-17.0.11\bin\net.dll
Event: 0.141 Loaded shared library C:\Users\kseni\.jdks\corretto-17.0.11\bin\nio.dll
Event: 0.145 Loaded shared library C:\Users\kseni\.jdks\corretto-17.0.11\bin\zip.dll
Event: 0.400 Loaded shared library D:\IntelliJ IDEA 2023.2.3\bin\breakgen64.dll
Event: 0.406 Loaded shared library C:\Users\kseni\.jdks\corretto-17.0.11\bin\jimage.dll
Event: 0.413 Loaded shared library C:\Users\kseni\.jdks\corretto-17.0.11\bin\extnet.dll
Event: 0.424 Loaded shared library C:\Users\kseni\.jdks\corretto-17.0.11\bin\management.dll
Event: 0.438 Loaded shared library C:\Users\kseni\.jdks\corretto-17.0.11\bin\management_ext.dll
Event: 0.719 Loaded shared library C:\Users\kseni\.jdks\corretto-17.0.11\bin\verify.dll

Deoptimization events (0 events):
No events

Classes unloaded (0 events):
No events

Classes redefined (0 events):
No events

Internal exceptions (20 events):
Event: 1.229 Thread 0x000001fb4c4043c0 Exception <a 'java/lang/NoSuchMethodError'{0x0000000712b82898}: 'int java.lang.invoke.DirectMethodHandle$Holder.invokeSpecial(java.lang.Object, java.lang.Object, java.lang.Object, java.lang.Object)'> (0x0000000712b82898) 
thrown [s\src\hotspot\share\interpreter\linkResolver.cpp, line 759]
Event: 1.257 Thread 0x000001fb4c4043c0 Exception <a 'java/lang/NoSuchMethodError'{0x00000007128ec7e0}: 'java.lang.Object java.lang.invoke.DirectMethodHandle$Holder.newInvokeSpecial(java.lang.Object, java.lang.Object, java.lang.Object, java.lang.Object, java.lang.Object, java.lang.Object)'> (0x00000007128ec7e0) 
thrown [s\src\hotspot\share\interpreter\linkResolver.cpp, line 759]
Event: 1.270 Thread 0x000001fb4c4043c0 Exception <a 'java/lang/NoSuchMethodError'{0x00000007129820c8}: 'java.lang.Object java.lang.invoke.DirectMethodHandle$Holder.invokeSpecial(java.lang.Object, java.lang.Object, java.lang.Object, java.lang.Object, java.lang.Object, java.lang.Object, int)'> (0x00000007129820c8) 
thrown [s\src\hotspot\share\interpreter\linkResolver.cpp, line 759]
Event: 1.270 Thread 0x000001fb4c4043c0 Exception <a 'java/lang/NoSuchMethodError'{0x000000071298c628}: 'java.lang.Object java.lang.invoke.DirectMethodHandle$Holder.newInvokeSpecial(java.lang.Object, java.lang.Object, java.lang.Object, java.lang.Object, java.lang.Object, java.lang.Object, int)'> (0x000000071298c628) 
thrown [s\src\hotspot\share\interpreter\linkResolver.cpp, line 759]
Event: 1.270 Thread 0x000001fb4c4043c0 Exception <a 'java/lang/NoSuchMethodError'{0x0000000712991668}: 'java.lang.Object java.lang.invoke.DirectMethodHandle$Holder.invokeSpecial(java.lang.Object, java.lang.Object, java.lang.Object, java.lang.Object, java.lang.Object, java.lang.Object, java.lang.Object, int)'> (0x0000000712991668) 
thrown [s\src\hotspot\share\interpreter\linkResolver.cpp, line 759]
Event: 1.316 Thread 0x000001fb4c4043c0 Exception <a 'java/lang/NoSuchMethodError'{0x0000000712773ad0}: 'java.lang.Object java.lang.invoke.DirectMethodHandle$Holder.invokeSpecial(java.lang.Object, java.lang.Object, java.lang.Object, int, java.lang.Object)'> (0x0000000712773ad0) 
thrown [s\src\hotspot\share\interpreter\linkResolver.cpp, line 759]
Event: 1.317 Thread 0x000001fb4c4043c0 Exception <a 'java/lang/NoSuchMethodError'{0x000000071277c150}: 'java.lang.Object java.lang.invoke.DirectMethodHandle$Holder.newInvokeSpecial(java.lang.Object, java.lang.Object, java.lang.Object, int, java.lang.Object)'> (0x000000071277c150) 
thrown [s\src\hotspot\share\interpreter\linkResolver.cpp, line 759]
Event: 1.317 Thread 0x000001fb4c4043c0 Exception <a 'java/lang/NoSuchMethodError'{0x0000000712783b20}: 'java.lang.Object java.lang.invoke.Invokers$Holder.linkToTargetMethod(java.lang.Object, java.lang.Object, int, java.lang.Object, java.lang.Object)'> (0x0000000712783b20) 
thrown [s\src\hotspot\share\interpreter\linkResolver.cpp, line 759]
Event: 1.318 Thread 0x000001fb4c4043c0 Exception <a 'java/lang/NoSuchMethodError'{0x0000000712792c00}: 'java.lang.Object java.lang.invoke.DirectMethodHandle$Holder.newInvokeSpecial(java.lang.Object, int, java.lang.Object)'> (0x0000000712792c00) 
thrown [s\src\hotspot\share\interpreter\linkResolver.cpp, line 759]
Event: 1.318 Thread 0x000001fb4c4043c0 Exception <a 'java/lang/NoSuchMethodError'{0x0000000712797640}: 'int java.lang.invoke.DirectMethodHandle$Holder.invokeSpecialIFC(java.lang.Object, java.lang.Object, java.lang.Object, java.lang.Object)'> (0x0000000712797640) 
thrown [s\src\hotspot\share\interpreter\linkResolver.cpp, line 759]
Event: 1.333 Thread 0x000001fb4c4043c0 Exception <a 'java/lang/NoSuchMethodError'{0x00000007124442c0}: 'java.lang.Object java.lang.invoke.DirectMethodHandle$Holder.invokeInterface(java.lang.Object, java.lang.Object)'> (0x00000007124442c0) 
thrown [s\src\hotspot\share\interpreter\linkResolver.cpp, line 759]
Event: 1.336 Thread 0x000001fb4c4043c0 Exception <a 'java/lang/NoSuchMethodError'{0x00000007124549c0}: 'void java.lang.invoke.DirectMethodHandle$Holder.invokeInterface(java.lang.Object, java.lang.Object, java.lang.Object)'> (0x00000007124549c0) 
thrown [s\src\hotspot\share\interpreter\linkResolver.cpp, line 759]
Event: 1.353 Thread 0x000001fb4c4043c0 Exception <a 'java/lang/NoSuchMethodError'{0x00000007124f1450}: 'java.lang.Object java.lang.invoke.DirectMethodHandle$Holder.invokeStatic(java.lang.Object, java.lang.Object, int)'> (0x00000007124f1450) 
thrown [s\src\hotspot\share\interpreter\linkResolver.cpp, line 759]
Event: 1.354 Thread 0x000001fb4c4043c0 Exception <a 'java/lang/NoSuchMethodError'{0x00000007124fce68}: 'void java.lang.invoke.DelegatingMethodHandle$Holder.delegate(java.lang.Object, java.lang.Object, int, java.lang.Object)'> (0x00000007124fce68) 
thrown [s\src\hotspot\share\interpreter\linkResolver.cpp, line 759]
Event: 1.380 Thread 0x000001fb4c4043c0 Exception <a 'java/lang/NoSuchMethodError'{0x00000007125fa340}: 'void java.lang.invoke.DirectMethodHandle$Holder.invokeStatic(java.lang.Object, java.lang.Object, int)'> (0x00000007125fa340) 
thrown [s\src\hotspot\share\interpreter\linkResolver.cpp, line 759]
Event: 1.382 Thread 0x000001fb4c4043c0 Exception <a 'java/lang/NoSuchMethodError'{0x00000007122023d8}: 'void java.lang.invoke.DirectMethodHandle$Holder.invokeStaticInit(java.lang.Object, java.lang.Object)'> (0x00000007122023d8) 
thrown [s\src\hotspot\share\interpreter\linkResolver.cpp, line 759]
Event: 1.384 Thread 0x000001fb4c4043c0 Exception <a 'java/lang/NoSuchMethodError'{0x000000071220e550}: 'void java.lang.invoke.DirectMethodHandle$Holder.invokeStaticInit(java.lang.Object, java.lang.Object, java.lang.Object)'> (0x000000071220e550) 
thrown [s\src\hotspot\share\interpreter\linkResolver.cpp, line 759]
Event: 1.397 Thread 0x000001fb4c4043c0 Exception <a 'java/lang/NoSuchMethodError'{0x000000071227ac58}: 'void java.lang.invoke.DirectMethodHandle$Holder.invokeVirtual(java.lang.Object, java.lang.Object, java.lang.Object, java.lang.Object)'> (0x000000071227ac58) 
thrown [s\src\hotspot\share\interpreter\linkResolver.cpp, line 759]
Event: 1.426 Thread 0x000001fb4c4043c0 Exception <a 'java/lang/NoSuchMethodError'{0x0000000712095f20}: 'void java.lang.invoke.DirectMethodHandle$Holder.invokeSpecial(java.lang.Object, java.lang.Object, java.lang.Object)'> (0x0000000712095f20) 
thrown [s\src\hotspot\share\interpreter\linkResolver.cpp, line 759]
Event: 1.427 Thread 0x000001fb4c4043c0 Exception <a 'java/lang/NoSuchMethodError'{0x000000071209c4f8}: 'void java.lang.invoke.DirectMethodHandle$Holder.invokeSpecial(java.lang.Object, java.lang.Object, java.lang.Object, java.lang.Object, java.lang.Object)'> (0x000000071209c4f8) 
thrown [s\src\hotspot\share\interpreter\linkResolver.cpp, line 759]

VM Operations (20 events):
Event: 0.449 Executing VM operation: HandshakeAllThreads
Event: 0.449 Executing VM operation: HandshakeAllThreads done
Event: 0.592 Executing VM operation: HandshakeAllThreads
Event: 0.592 Executing VM operation: HandshakeAllThreads done
Event: 0.689 Executing VM operation: HandshakeAllThreads
Event: 0.689 Executing VM operation: HandshakeAllThreads done
Event: 0.836 Executing VM operation: G1CollectForAllocation
Event: 0.841 Executing VM operation: G1CollectForAllocation done
Event: 0.863 Executing VM operation: HandshakeAllThreads
Event: 0.863 Executing VM operation: HandshakeAllThreads done
Event: 0.990 Executing VM operation: HandshakeAllThreads
Event: 0.990 Executing VM operation: HandshakeAllThreads done
Event: 1.095 Executing VM operation: G1CollectForAllocation
Event: 1.098 Executing VM operation: G1CollectForAllocation done
Event: 1.121 Executing VM operation: HandshakeAllThreads
Event: 1.121 Executing VM operation: HandshakeAllThreads done
Event: 1.301 Executing VM operation: HandshakeAllThreads
Event: 1.301 Executing VM operation: HandshakeAllThreads done
Event: 1.490 Executing VM operation: ICBufferFull
Event: 1.490 Executing VM operation: ICBufferFull done

Events (20 events):
Event: 1.426 loading class sun/util/resources/TimeZoneNames_en done
Event: 1.429 Thread 0x000001fb4c535cd0 Thread added: 0x000001fb4c535cd0
Event: 1.434 loading class java/io/UnsupportedEncodingException
Event: 1.434 loading class java/io/UnsupportedEncodingException done
Event: 1.438 loading class java/util/ServiceConfigurationError
Event: 1.438 loading class java/util/ServiceConfigurationError done
Event: 1.447 loading class java/lang/AssertionError
Event: 1.447 loading class java/lang/AssertionError done
Event: 1.459 loading class java/util/regex/PatternSyntaxException
Event: 1.460 loading class java/util/regex/PatternSyntaxException done
Event: 1.460 loading class javax/xml/stream/XMLStreamException
Event: 1.460 loading class javax/xml/stream/XMLStreamException done
Event: 1.465 loading class java/io/NotSerializableException
Event: 1.465 loading class java/io/ObjectStreamException
Event: 1.465 loading class java/io/ObjectStreamException done
Event: 1.465 loading class java/io/NotSerializableException done
Event: 1.487 loading class java/util/regex/Pattern$SliceI
Event: 1.487 loading class java/util/regex/Pattern$SliceI done
Event: 1.487 loading class java/util/regex/Pattern$1
Event: 1.487 loading class java/util/regex/Pattern$1 done


Dynamic libraries:
0x00007ff7b2ff0000 - 0x00007ff7b2ffe000 	C:\Users\kseni\.jdks\corretto-17.0.11\bin\java.exe
0x00007ff948570000 - 0x00007ff948768000 	C:\Windows\SYSTEM32\ntdll.dll
0x00007ff948470000 - 0x00007ff94852d000 	C:\Windows\System32\KERNEL32.DLL
0x00007ff945da0000 - 0x00007ff946096000 	C:\Windows\System32\KERNELBASE.dll
0x00007ff946220000 - 0x00007ff946320000 	C:\Windows\System32\ucrtbase.dll
0x00007ff90fc70000 - 0x00007ff90fc87000 	C:\Users\kseni\.jdks\corretto-17.0.11\bin\jli.dll
0x00007ff912a40000 - 0x00007ff912a5b000 	C:\Users\kseni\.jdks\corretto-17.0.11\bin\VCRUNTIME140.dll
0x00007ff947230000 - 0x00007ff9473cf000 	C:\Windows\System32\USER32.dll
0x00007ff945cc0000 - 0x00007ff945ce2000 	C:\Windows\System32\win32u.dll
0x00007ff92e3e0000 - 0x00007ff92e67a000 	C:\Windows\WinSxS\amd64_microsoft.windows.common-controls_6595b64144ccf1df_6.0.19041.3636_none_60b6a03d71f818d5\COMCTL32.dll
0x00007ff946830000 - 0x00007ff94685b000 	C:\Windows\System32\GDI32.dll
0x00007ff946790000 - 0x00007ff94682e000 	C:\Windows\System32\msvcrt.dll
0x00007ff946480000 - 0x00007ff946597000 	C:\Windows\System32\gdi32full.dll
0x00007ff9460a0000 - 0x00007ff94613d000 	C:\Windows\System32\msvcp_win.dll
0x00007ff947fc0000 - 0x00007ff947ff2000 	C:\Windows\System32\IMM32.DLL
0x00007ff9384b0000 - 0x00007ff9384bc000 	C:\Users\kseni\.jdks\corretto-17.0.11\bin\vcruntime140_1.dll
0x00007ff8f1c40000 - 0x00007ff8f1ccd000 	C:\Users\kseni\.jdks\corretto-17.0.11\bin\msvcp140.dll
0x00007ff8db070000 - 0x00007ff8dbcd2000 	C:\Users\kseni\.jdks\corretto-17.0.11\bin\server\jvm.dll
0x00007ff948000000 - 0x00007ff9480b0000 	C:\Windows\System32\ADVAPI32.dll
0x00007ff9466e0000 - 0x00007ff946780000 	C:\Windows\System32\sechost.dll
0x00007ff9468c0000 - 0x00007ff9469e3000 	C:\Windows\System32\RPCRT4.dll
0x00007ff945c20000 - 0x00007ff945c47000 	C:\Windows\System32\bcrypt.dll
0x00007ff945160000 - 0x00007ff9451ab000 	C:\Windows\SYSTEM32\POWRPROF.dll
0x00007ff90a440000 - 0x00007ff90a449000 	C:\Windows\SYSTEM32\WSOCK32.dll
0x00007ff9476b0000 - 0x00007ff94771b000 	C:\Windows\System32\WS2_32.dll
0x00007ff940b00000 - 0x00007ff940b27000 	C:\Windows\SYSTEM32\WINMM.dll
0x00007ff93ca80000 - 0x00007ff93ca8a000 	C:\Windows\SYSTEM32\VERSION.dll
0x00007ff945000000 - 0x00007ff945012000 	C:\Windows\SYSTEM32\UMPDC.dll
0x00007ff944400000 - 0x00007ff944412000 	C:\Windows\SYSTEM32\kernel.appcore.dll
0x00007ff92e6c0000 - 0x00007ff92e6ca000 	C:\Users\kseni\.jdks\corretto-17.0.11\bin\jimage.dll
0x00007ff943920000 - 0x00007ff943b04000 	C:\Windows\SYSTEM32\DBGHELP.DLL
0x00007ff9365f0000 - 0x00007ff936624000 	C:\Windows\SYSTEM32\dbgcore.DLL
0x00007ff946190000 - 0x00007ff946212000 	C:\Windows\System32\bcryptPrimitives.dll
0x00007ff92caa0000 - 0x00007ff92caae000 	C:\Users\kseni\.jdks\corretto-17.0.11\bin\instrument.dll
0x00007ff8f3d60000 - 0x00007ff8f3d85000 	C:\Users\kseni\.jdks\corretto-17.0.11\bin\java.dll
0x00007ff8f09a0000 - 0x00007ff8f0a77000 	C:\Users\kseni\.jdks\corretto-17.0.11\bin\jsvml.dll
0x00007ff946ac0000 - 0x00007ff94722b000 	C:\Windows\System32\SHELL32.dll
0x00007ff943c50000 - 0x00007ff9443ee000 	C:\Windows\SYSTEM32\windows.storage.dll
0x00007ff9480b0000 - 0x00007ff948403000 	C:\Windows\System32\combase.dll
0x00007ff945650000 - 0x00007ff94567e000 	C:\Windows\SYSTEM32\Wldp.dll
0x00007ff947ef0000 - 0x00007ff947fbd000 	C:\Windows\System32\OLEAUT32.dll
0x00007ff947720000 - 0x00007ff9477cd000 	C:\Windows\System32\SHCORE.dll
0x00007ff946860000 - 0x00007ff9468b5000 	C:\Windows\System32\shlwapi.dll
0x00007ff945b50000 - 0x00007ff945b73000 	C:\Windows\SYSTEM32\profapi.dll
0x00007ff8f1d30000 - 0x00007ff8f1d48000 	C:\Users\kseni\.jdks\corretto-17.0.11\bin\zip.dll
0x00007ff90bea0000 - 0x00007ff90beb9000 	C:\Users\kseni\.jdks\corretto-17.0.11\bin\net.dll
0x00007ff93f8a0000 - 0x00007ff93f9aa000 	C:\Windows\SYSTEM32\WINHTTP.dll
0x00007ff9453b0000 - 0x00007ff94541a000 	C:\Windows\system32\mswsock.dll
0x00007ff8f3420000 - 0x00007ff8f3436000 	C:\Users\kseni\.jdks\corretto-17.0.11\bin\nio.dll
0x00007ff912a80000 - 0x00007ff912a9a000 	D:\IntelliJ IDEA 2023.2.3\bin\breakgen64.dll
0x00007ff92dc50000 - 0x00007ff92dc59000 	C:\Users\kseni\.jdks\corretto-17.0.11\bin\extnet.dll
0x00007ff945080000 - 0x00007ff94514b000 	C:\Windows\SYSTEM32\DNSAPI.dll
0x00007ff945040000 - 0x00007ff94507b000 	C:\Windows\SYSTEM32\IPHLPAPI.DLL
0x00007ff947960000 - 0x00007ff947968000 	C:\Windows\System32\NSI.dll
0x00007ff93c8f0000 - 0x00007ff93c8fa000 	C:\Windows\System32\rasadhlp.dll
0x00007ff93b550000 - 0x00007ff93b5d0000 	C:\Windows\System32\fwpuclnt.dll
0x00007ff92c700000 - 0x00007ff92c709000 	C:\Users\kseni\.jdks\corretto-17.0.11\bin\management.dll
0x00007ff92c160000 - 0x00007ff92c16b000 	C:\Users\kseni\.jdks\corretto-17.0.11\bin\management_ext.dll
0x00007ff946780000 - 0x00007ff946788000 	C:\Windows\System32\PSAPI.DLL
0x00007ff9455a0000 - 0x00007ff9455b8000 	C:\Windows\SYSTEM32\CRYPTSP.dll
0x00007ff944c30000 - 0x00007ff944c64000 	C:\Windows\system32\rsaenh.dll
0x00007ff945ad0000 - 0x00007ff945afe000 	C:\Windows\SYSTEM32\USERENV.dll
0x00007ff9455c0000 - 0x00007ff9455cc000 	C:\Windows\SYSTEM32\CRYPTBASE.dll
0x00007ff93c900000 - 0x00007ff93c917000 	C:\Windows\SYSTEM32\dhcpcsvc6.DLL
0x00007ff93ce00000 - 0x00007ff93ce1d000 	C:\Windows\SYSTEM32\dhcpcsvc.DLL
0x00007ff9001d0000 - 0x00007ff9001e7000 	C:\Windows\system32\napinsp.dll
0x00007ff900180000 - 0x00007ff90019b000 	C:\Windows\system32\pnrpnsp.dll
0x00007ff93f390000 - 0x00007ff93f3a5000 	C:\Windows\system32\wshbth.dll
0x00007ff940f20000 - 0x00007ff940f3d000 	C:\Windows\system32\NLAapi.dll
0x00007ff900160000 - 0x00007ff900172000 	C:\Windows\System32\winrnr.dll
0x00007ff92cb50000 - 0x00007ff92cb60000 	C:\Users\kseni\.jdks\corretto-17.0.11\bin\verify.dll

dbghelp: loaded successfully - version: 4.0.5 - missing functions: none
symbol engine: initialized successfully - sym options: 0x614 - pdb path: .;C:\Users\kseni\.jdks\corretto-17.0.11\bin;C:\Windows\SYSTEM32;C:\Windows\WinSxS\amd64_microsoft.windows.common-controls_6595b64144ccf1df_6.0.19041.3636_none_60b6a03d71f818d5;C:\Users\kseni\.jdks\corretto-17.0.11\bin\server;D:\IntelliJ IDEA 2023.2.3\bin

VM Arguments:
jvm_args: -XX:TieredStopAtLevel=1 -Dspring.output.ansi.enabled=always -Dcom.sun.management.jmxremote -Dspring.jmx.enabled=true -Dspring.liveBeansView.mbeanDomain -Dspring.application.admin.enabled=true -Dmanagement.endpoints.jmx.exposure.include=* -javaagent:D:\IntelliJ IDEA 2023.2.3\lib\idea_rt.jar=26509:D:\IntelliJ IDEA 2023.2.3\bin -Dfile.encoding=UTF-8 
java_command: com.example.springmodels.SpringModelsApplication
java_class_path (initial): C:\Users\kseni\Desktop\Magazin\target\classes;C:\Users\kseni\.m2\repository\org\springframework\boot\spring-boot-starter-thymeleaf\2.5.4\spring-boot-starter-thymeleaf-2.5.4.jar;C:\Users\kseni\.m2\repository\org\springframework\boot\spring-boot-starter\2.5.4\spring-boot-starter-2.5.4.jar;C:\Users\kseni\.m2\repository\org\springframework\boot\spring-boot-starter-logging\2.5.4\spring-boot-starter-logging-2.5.4.jar;C:\Users\kseni\.m2\repository\ch\qos\logback\logback-classic\1.2.5\logback-classic-1.2.5.jar;C:\Users\kseni\.m2\repository\ch\qos\logback\logback-core\1.2.5\logback-core-1.2.5.jar;C:\Users\kseni\.m2\repository\org\apache\logging\log4j\log4j-to-slf4j\2.14.1\log4j-to-slf4j-2.14.1.jar;C:\Users\kseni\.m2\repository\org\apache\logging\log4j\log4j-api\2.14.1\log4j-api-2.14.1.jar;C:\Users\kseni\.m2\repository\org\slf4j\jul-to-slf4j\1.7.32\jul-to-slf4j-1.7.32.jar;C:\Users\kseni\.m2\repository\jakarta\annotation\jakarta.annotation-api\1.3.5\jakarta.annotation-api-1.3.5.jar;C:\Users\kseni\.m2\repository\org\yaml\snakeyaml\1.28\snakeyaml-1.28.jar;C:\Users\kseni\.m2\repository\org\thymeleaf\thymeleaf-spring5\3.0.12.RELEASE\thymeleaf-spring5-3.0.12.RELEASE.jar;C:\Users\kseni\.m2\repository\org\thymeleaf\thymeleaf\3.0.12.RELEASE\thymeleaf-3.0.12.RELEASE.jar;C:\Users\kseni\.m2\repository\org\attoparser\attoparser\2.0.5.RELEASE\attoparser-2.0.5.RELEASE.jar;C:\Users\kseni\.m2\repository\org\unbescape\unbescape\1.1.6.RELEASE\unbescape-1.1.6.RELEASE.jar;C:\Users\kseni\.m2\repository\org\slf4j\slf4j-api\1.7.32\slf4j-api-1.7.32.jar;C:\Users\kseni\.m2\repository\org\thymeleaf\extras\thymeleaf-extras-java8time\3.0.4.RELEASE\thymeleaf-extras-java8time-3.0.4.RELEASE.jar;C:\Users\kseni\.m2\repository\org\springframework\boot\spring-boot-starter-web\2.5.4\spring-boot-starter-web-2.5.4.jar;C:\Users\kseni\.m2\repository\org\springframework\boot\spring-boot-starter-json\2.5.4\spring-boot-starter-json-2.5.4.jar;C:\Users\kseni\.m2\repository\com\fasterxml\jackso
Launcher Type: SUN_STANDARD

[Global flags]
     intx CICompilerCount                          = 4                                         {product} {ergonomic}
     uint ConcGCThreads                            = 2                                         {product} {ergonomic}
     uint G1ConcRefinementThreads                  = 8                                         {product} {ergonomic}
   size_t G1HeapRegionSize                         = 2097152                                   {product} {ergonomic}
    uintx GCDrainStackTargetSize                   = 64                                        {product} {ergonomic}
   size_t InitialHeapSize                          = 266338304                                 {product} {ergonomic}
     bool ManagementServer                         = true                                      {product} {command line}
   size_t MarkStackSize                            = 4194304                                   {product} {ergonomic}
   size_t MaxHeapSize                              = 4242538496                                {product} {ergonomic}
   size_t MaxNewSize                               = 2543845376                                {product} {ergonomic}
   size_t MinHeapDeltaBytes                        = 2097152                                   {product} {ergonomic}
   size_t MinHeapSize                              = 8388608                                   {product} {ergonomic}
    uintx NonProfiledCodeHeapSize                  = 0                                      {pd product} {ergonomic}
     bool ProfileInterpreter                       = false                                  {pd product} {command line}
    uintx ProfiledCodeHeapSize                     = 0                                      {pd product} {ergonomic}
   size_t SoftMaxHeapSize                          = 4242538496                             {manageable} {ergonomic}
     intx TieredStopAtLevel                        = 1                                         {product} {command line}
     bool UseCompressedClassPointers               = true                           {product lp64_product} {ergonomic}
     bool UseCompressedOops                        = true                           {product lp64_product} {ergonomic}
     bool UseG1GC                                  = true                                      {product} {ergonomic}
     bool UseLargePagesIndividualAllocation        = false                                  {pd product} {ergonomic}

Logging:
Log output configuration:
 #0: stdout all=warning uptime,level,tags
 #1: stderr all=off uptime,level,tags

Environment Variables:
PATH=C:\Program Files (x86)\NVIDIA Corporation\PhysX\Common;C:\Program Files\Common Files\Oracle\Java\javapath;C:\Windows\system32;C:\Windows;C:\Windows\System32\Wbem;C:\Windows\System32\WindowsPowerShell\v1.0\;C:\Windows\System32\OpenSSH\;C:\Program Files\Java\jdk-17.0.2\bin;C:\Program Files\Microsoft SQL Server\Client SDK\ODBC\130\Tools\Binn\;C:\Program Files\Microsoft SQL Server\150\Tools\Binn\;C:\Program Files\Microsoft SQL Server\Client SDK\ODBC\170\Tools\Binn\;C:\Program Files\dotnet\;C:\Users\kseni\AppData\Roaming\nvm;C:\Program Files\nodejs;D:\Git\cmd;C:\Program Files\Docker\Docker\resources\bin;C:\Program Files (x86)\Microsoft SQL Server\150\Tools\Binn\;C:\Program Files\Microsoft SQL Server\150\DTS\Binn\;C:\Program Files (x86)\Microsoft SQL Server\160\Tools\Binn\;C:\Program Files\Microsoft SQL Server\160\Tools\Binn\;C:\Program Files\Microsoft SQL Server\160\DTS\Binn\;C:\Program Files\Azure Data Studio\bin;C:\Program Files (x86)\Microsoft SQL Server\160\DTS\Binn\;C:\Program Files\nodejs\;C:\Users\kseni\AppData\Local\Programs\Python\Python310\Scripts\;C:\Users\kseni\AppData\Local\Programs\Python\Python310\;C:\Users\kseni\AppData\Local\Microsoft\WindowsApps;C:\Users\kseni\.dotnet\tools;C:\Program Files (x86)\Brackets\;C:\Users\kseni\AppData\Local\Programs\Microsoft VS Code\bin;C:\Program Files\Azure Data Studio\bin;C:\Users\kseni\AppData\Roaming\nvm;C:\Program Files\nodejs;D:\flutter\bin;;C:\Program Files\Azure Data Studio\bin;D:\IntelliJ IDEA 2023.2.3\bin;;C:\Users\kseni\AppData\Roaming\npm
USERNAME=kseni
OS=Windows_NT
PROCESSOR_IDENTIFIER=Intel64 Family 6 Model 140 Stepping 1, GenuineIntel
TMP=C:\Users\kseni\AppData\Local\Temp
TEMP=C:\Users\kseni\AppData\Local\Temp



Periodic native trim disabled


---------------  S Y S T E M  ---------------

OS:
 Windows 10 , 64 bit Build 19041 (10.0.19041.3636)
OS uptime: 7 days 7:02 hours
Hyper-V role detected

CPU: total 8 (initial active 8) (4 cores per cpu, 2 threads per core) family 6 model 140 stepping 1 microcode 0x86, cx8, cmov, fxsr, ht, mmx, 3dnowpref, sse, sse2, sse3, ssse3, sse4.1, sse4.2, popcnt, lzcnt, tsc, tscinvbit, avx, avx2, aes, erms, clmul, bmi1, bmi2, adx, avx512f, avx512dq, avx512cd, avx512bw, avx512vl, sha, fma, vzeroupper, avx512_vpopcntdq, avx512_vpclmulqdq, avx512_vaes, avx512_vnni, clflush, clflushopt, clwb, avx512_vbmi2, avx512_vbmi, hv
Processor Information for all 8 processors :
  Max Mhz: 2419, Current Mhz: 2419, Mhz Limit: 2419

Memory: 4k page, system-wide physical 16183M (4361M free)
TotalPageFile size 18012M (AvailPageFile size 374M)
current process WorkingSet (physical memory assigned to process): 97M, peak: 97M
current process commit charge ("private bytes"): 365M, peak: 365M

vm_info: OpenJDK 64-Bit Server VM (17.0.11+9-LTS) for windows-amd64 JRE (17.0.11+9-LTS), built on Apr 10 2024 22:12:24 by "Administrator" with MS VC++ 16.10 / 16.11 (VS2019)

END.
